\BOOKMARK [1][-]{section.1}{\376\377\000\300\000\040\000l\000a\000\040\000d\000\351\000c\000o\000u\000v\000e\000r\000t\000e\000\040\000d\000e\000s\000\040\000c\000i\000r\000c\000u\000i\000t\000s\000\040\000\351\000l\000e\000c\000t\000r\000i\000q\000u\000e\000s\000\040\000:\000\040\000i\000n\000t\000e\000n\000s\000i\000t\000\351\000\040\000e\000t\000\040\000t\000e\000n\000s\000i\000o\000n\000\040\000\351\000l\000e\000c\000t\000r\000i\000q\000u\000e}{}% 1
\BOOKMARK [2][-]{subsection.1.1}{\376\377\000D\000e\000u\000x\000\040\000t\000y\000p\000e\000s\000\040\000d\000e\000\040\000c\000i\000r\000c\000u\000i\000t\000s\000\040\000\351\000l\000e\000c\000t\000r\000i\000q\000u\000e\000s}{section.1}% 2
\BOOKMARK [2][-]{subsection.1.2}{\376\377\000L\000e\000\040\000c\000o\000u\000r\000a\000n\000t\000\040\000\351\000l\000e\000c\000t\000r\000i\000q\000u\000e}{section.1}% 3
\BOOKMARK [2][-]{subsection.1.3}{\376\377\000L\000a\000\040\000t\000e\000n\000s\000i\000o\000n\000\040\000d\000u\000\040\000c\000o\000u\000r\000a\000n\000t}{section.1}% 4
\BOOKMARK [1][-]{section.2}{\376\377\000L\000e\000s\000\040\000l\000o\000i\000s\000\040\000d\000\351\000c\000r\000i\000v\000a\000n\000t\000\040\000l\000e\000s\000\040\000c\000i\000r\000c\000u\000i\000t\000s\000\040\000\351\000l\000e\000c\000t\000r\000i\000q\000u\000e\000s\000\040\000:\000\040\000l\000a\000\040\000l\000o\000i\000\040\000d\000e\000s\000\040\000n\000o\000e\000u\000d\000s\000\040\000e\000t\000\040\000l\000a\000\040\000l\000o\000i\000\040\000d\000e\000s\000\040\000m\000a\000i\000l\000l\000e\000s}{}% 5
\BOOKMARK [2][-]{subsection.2.1}{\376\377\000L\000a\000\040\000l\000o\000i\000\040\000d\000e\000s\000\040\000n\001\123\000u\000d\000s}{section.2}% 6
\BOOKMARK [2][-]{subsection.2.2}{\376\377\000L\000e\000s\000\040\000c\000o\000n\000v\000e\000n\000t\000i\000o\000n\000s\000\040\000d\000'\000o\000r\000i\000e\000n\000t\000a\000t\000i\000o\000n\000\040\000e\000t\000\040\000l\000a\000\040\000l\000o\000i\000\040\000d\000e\000s\000\040\000m\000a\000i\000l\000l\000e\000s}{section.2}% 7
\BOOKMARK [3][-]{subsubsection.2.2.1}{\376\377\000L\000e\000s\000\040\000c\000o\000n\000v\000e\000n\000t\000i\000o\000n\000s\000\040\000d\000'\000o\000r\000i\000e\000n\000t\000a\000t\000i\000o\000n}{subsection.2.2}% 8
\BOOKMARK [3][-]{subsubsection.2.2.2}{\376\377\000L\000a\000\040\000l\000o\000i\000\040\000d\000e\000s\000\040\000m\000a\000i\000l\000l\000e\000s}{subsection.2.2}% 9
\BOOKMARK [1][-]{section.3}{\376\377\000L\000e\000s\000\040\000c\000a\000r\000a\000c\000t\000\351\000r\000i\000s\000t\000i\000q\000u\000e\000s\000\040\000d\000'\000u\000n\000\040\000d\000i\000p\000\364\000l\000e\000\040\000e\000t\000\040\000s\000o\000n\000\040\000p\000o\000i\000n\000t\000\040\000d\000e\000\040\000f\000o\000n\000c\000t\000i\000o\000n\000n\000e\000m\000e\000n\000t}{}% 10
\BOOKMARK [2][-]{subsection.3.1}{\376\377\000C\000o\000m\000m\000e\000n\000t\000\040\000p\000e\000u\000t\000-\000o\000n\000\040\000c\000a\000r\000a\000c\000t\000\351\000r\000i\000s\000e\000r\000\040\000u\000n\000\040\000d\000i\000p\000\364\000l\000e\000\040\000\351\000l\000e\000c\000t\000r\000i\000q\000u\000e\000\040\000?}{section.3}% 11
\BOOKMARK [2][-]{subsection.3.2}{\376\377\000C\000a\000r\000a\000c\000t\000\351\000r\000i\000s\000t\000i\000q\000u\000e\000\040\000d\000'\000u\000n\000\040\000c\000o\000n\000d\000u\000c\000t\000e\000u\000r\000\040\000o\000h\000m\000i\000q\000u\000e\000\040\000:\000\040\000L\000a\000\040\000l\000o\000i\000\040\000d\000'\000O\000h\000m}{section.3}% 12
\BOOKMARK [2][-]{subsection.3.3}{\376\377\000A\000u\000t\000r\000e\000s\000\040\000c\000a\000r\000a\000c\000t\000\351\000r\000i\000s\000t\000i\000q\000u\000e\000s\000\040\000d\000e\000\040\000d\000i\000p\000\364\000l\000e\000s\000\040\000q\000u\000e\000\040\000l\000'\000o\000n\000\040\000p\000e\000u\000t\000\040\000r\000e\000n\000c\000o\000n\000t\000r\000e\000r}{section.3}% 13
\BOOKMARK [3][-]{subsubsection.3.3.1}{\376\377\000L\000a\000\040\000l\000a\000m\000p\000e}{subsection.3.3}% 14
\BOOKMARK [3][-]{subsubsection.3.3.2}{\376\377\000L\000e\000\040\000g\000\351\000n\000\351\000r\000a\000t\000e\000u\000r\000\040\000d\000e\000\040\000t\000e\000n\000s\000i\000o\000n\000\040\000c\000o\000n\000t\000i\000n\000u\000e}{subsection.3.3}% 15
\BOOKMARK [2][-]{subsection.3.4}{\376\377\000P\000o\000i\000n\000t\000\040\000d\000e\000\040\000f\000o\000n\000c\000t\000i\000o\000n\000n\000e\000m\000e\000n\000t}{section.3}% 16
\BOOKMARK [1][-]{section.4}{\376\377\000L\000e\000s\000\040\000c\000a\000p\000t\000e\000u\000r\000s}{}% 17
\BOOKMARK [2][-]{subsection.4.1}{\376\377\000L\000e\000s\000\040\000c\000a\000p\000t\000e\000u\000r\000s\000\040\000d\000a\000n\000s\000\040\000v\000o\000t\000r\000e\000\040\000s\000m\000a\000r\000t\000p\000h\000o\000n\000e}{section.4}% 18
\BOOKMARK [2][-]{subsection.4.2}{\376\377\000A\000c\000t\000i\000v\000i\000t\000\351\000\040\000:\000\040\000\340\000\040\000l\000a\000\040\000d\000\351\000c\000o\000u\000v\000e\000r\000t\000e\000\040\000d\000e\000s\000\040\000c\000a\000p\000t\000e\000u\000r\000s\000\040\000d\000e\000\040\000v\000o\000t\000r\000e\000\040\000s\000m\000a\000r\000t\000p\000h\000o\000n\000e}{section.4}% 19
\BOOKMARK [3][-]{subsubsection.4.2.1}{\376\377\000D\000\351\000c\000o\000u\000v\000e\000r\000t\000e\000\040\000d\000e\000s\000\040\000c\000a\000p\000t\000e\000u\000r\000s\000\040}{subsection.4.2}% 20
\BOOKMARK [3][-]{subsubsection.4.2.2}{\376\377\000M\000e\000s\000u\000r\000e\000r\000\040\000a\000v\000e\000c\000\040\000v\000o\000t\000r\000e\000\040\000s\000m\000a\000r\000t\000p\000h\000o\000n\000e\000\040\000d\000e\000s\000\040\000p\000h\000\351\000n\000o\000m\000\350\000n\000e\000s\000\040\000P\000h\000y\000s\000i\000q\000u\000e}{subsection.4.2}% 21
