This is pdfTeX, Version 3.141592653-2.6-1.40.25 (TeX Live 2023/MacPorts 2023.66589_3) (preloaded format=pdflatex 2024.1.13)  14 JAN 2024 21:33
entering extended mode
 restricted \write18 enabled.
 file:line:error style messages enabled.
 %&-line parsing enabled.
**"/Users/gld/Documents/Education Nationale/Enseignements/Seconde générale/Chap7_Lentilles_modele_optique_oeil/Cours_version_élève copy/Chap7_Lentille_modèle_optique_oeil.tex"
(/Users/gld/Documents/Education Nationale/Enseignements/Seconde générale/Chap7_Lentilles_modele_optique_oeil/Cours_version_élève copy/Chap7_Lentille_modèle_optique_oeil.tex
LaTeX2e <2022-11-01> patch level 1
L3 programming layer <2023-02-22> (/opt/local/share/texmf-texlive/tex/latex/base/article.cls
Document Class: article 2022/07/02 v1.4n Standard LaTeX document class
(/opt/local/share/texmf-texlive/tex/latex/base/size12.clo
File: size12.clo 2022/07/02 v1.4n Standard LaTeX file (size option)
)
\c@part=\count185
\c@section=\count186
\c@subsection=\count187
\c@subsubsection=\count188
\c@paragraph=\count189
\c@subparagraph=\count190
\c@figure=\count191
\c@table=\count192
\abovecaptionskip=\skip48
\belowcaptionskip=\skip49
\bibindent=\dimen140
) (/Users/gld/Documents/Education Nationale/Enseignements/Seconde générale/Chap7_Lentilles_modele_optique_oeil/Cours_version_élève copy/pckg.tex (/opt/local/share/texmf-texlive/tex/latex/base/inputenc.sty
Package: inputenc 2021/02/14 v1.3d Input encoding file
\inpenc@prehook=\toks16
\inpenc@posthook=\toks17
) (/opt/local/share/texmf-texlive/tex/latex/base/fontenc.sty
Package: fontenc 2021/04/29 v2.0v Standard LaTeX package
) (/opt/local/share/texmf-texlive/tex/generic/babel/babel.sty
Package: babel 2023/02/13 3.86 The Babel package
\babel@savecnt=\count193
\U@D=\dimen141
\l@unhyphenated=\language48
 (/opt/local/share/texmf-texlive/tex/generic/babel/txtbabel.def)
\bbl@readstream=\read2
\bbl@dirlevel=\count194
 (/opt/local/share/texmf-texlive/tex/generic/babel-french/french.ldf
Language: french 2023/03/08 v3.5q French support from the babel system
Package babel Info: Hyphen rules for 'acadian' set to \l@french
(babel)             (\language36). Reported on input line 91.
Package babel Info: Hyphen rules for 'canadien' set to \l@french
(babel)             (\language36). Reported on input line 92.
\FB@nonchar=\count195
Package babel Info: Making : an active character on input line 395.
Package babel Info: Making ; an active character on input line 396.
Package babel Info: Making ! an active character on input line 397.
Package babel Info: Making ? an active character on input line 398.
\FBguill@level=\count196
\FBold@everypar=\toks18
\FB@Mht=\dimen142
\mc@charclass=\count197
\mc@charfam=\count198
\mc@charslot=\count199
\std@mcc=\count266
\dec@mcc=\count267
\FB@parskip=\dimen143
\listindentFB=\dimen144
\descindentFB=\dimen145
\labelindentFB=\dimen146
\labelwidthFB=\dimen147
\leftmarginFB=\dimen148
\parindentFFN=\dimen149
\FBfnindent=\dimen150
)) (/opt/local/share/texmf-texlive/tex/generic/babel/locale/fr/babel-french.tex
Package babel Info: Importing font and identification data for french
(babel)             from babel-fr.ini. Reported on input line 11.
) (/opt/local/share/texmf-texlive/tex/latex/carlisle/scalefnt.sty) (/opt/local/share/texmf-texlive/tex/latex/graphics/keyval.sty
Package: keyval 2022/05/29 v1.15 key=value parser (DPC)
\KV@toks@=\toks19
) (/opt/local/share/texmf-texlive/tex/latex/lm/lmodern.sty
Package: lmodern 2015/05/01 v1.6.1 Latin Modern Fonts
LaTeX Font Info:    Overwriting symbol font `operators' in version `normal'
(Font)                  OT1/cmr/m/n --> OT1/lmr/m/n on input line 22.
LaTeX Font Info:    Overwriting symbol font `letters' in version `normal'
(Font)                  OML/cmm/m/it --> OML/lmm/m/it on input line 23.
LaTeX Font Info:    Overwriting symbol font `symbols' in version `normal'
(Font)                  OMS/cmsy/m/n --> OMS/lmsy/m/n on input line 24.
LaTeX Font Info:    Overwriting symbol font `largesymbols' in version `normal'
(Font)                  OMX/cmex/m/n --> OMX/lmex/m/n on input line 25.
LaTeX Font Info:    Overwriting symbol font `operators' in version `bold'
(Font)                  OT1/cmr/bx/n --> OT1/lmr/bx/n on input line 26.
LaTeX Font Info:    Overwriting symbol font `letters' in version `bold'
(Font)                  OML/cmm/b/it --> OML/lmm/b/it on input line 27.
LaTeX Font Info:    Overwriting symbol font `symbols' in version `bold'
(Font)                  OMS/cmsy/b/n --> OMS/lmsy/b/n on input line 28.
LaTeX Font Info:    Overwriting symbol font `largesymbols' in version `bold'
(Font)                  OMX/cmex/m/n --> OMX/lmex/m/n on input line 29.
LaTeX Font Info:    Overwriting math alphabet `\mathbf' in version `normal'
(Font)                  OT1/cmr/bx/n --> OT1/lmr/bx/n on input line 31.
LaTeX Font Info:    Overwriting math alphabet `\mathsf' in version `normal'
(Font)                  OT1/cmss/m/n --> OT1/lmss/m/n on input line 32.
LaTeX Font Info:    Overwriting math alphabet `\mathit' in version `normal'
(Font)                  OT1/cmr/m/it --> OT1/lmr/m/it on input line 33.
LaTeX Font Info:    Overwriting math alphabet `\mathtt' in version `normal'
(Font)                  OT1/cmtt/m/n --> OT1/lmtt/m/n on input line 34.
LaTeX Font Info:    Overwriting math alphabet `\mathbf' in version `bold'
(Font)                  OT1/cmr/bx/n --> OT1/lmr/bx/n on input line 35.
LaTeX Font Info:    Overwriting math alphabet `\mathsf' in version `bold'
(Font)                  OT1/cmss/bx/n --> OT1/lmss/bx/n on input line 36.
LaTeX Font Info:    Overwriting math alphabet `\mathit' in version `bold'
(Font)                  OT1/cmr/bx/it --> OT1/lmr/bx/it on input line 37.
LaTeX Font Info:    Overwriting math alphabet `\mathtt' in version `bold'
(Font)                  OT1/cmtt/m/n --> OT1/lmtt/m/n on input line 38.
) (/opt/local/share/texmf-texlive/tex/latex/mathtools/mathtools.sty
Package: mathtools 2022/06/29 v1.29 mathematical typesetting tools
 (/opt/local/share/texmf-texlive/tex/latex/tools/calc.sty
Package: calc 2017/05/25 v4.3 Infix arithmetic (KKT,FJ)
\calc@Acount=\count268
\calc@Bcount=\count269
\calc@Adimen=\dimen151
\calc@Bdimen=\dimen152
\calc@Askip=\skip50
\calc@Bskip=\skip51
LaTeX Info: Redefining \setlength on input line 80.
LaTeX Info: Redefining \addtolength on input line 81.
\calc@Ccount=\count270
\calc@Cskip=\skip52
) (/opt/local/share/texmf-texlive/tex/latex/mathtools/mhsetup.sty
Package: mhsetup 2021/03/18 v1.4 programming setup (MH)
) (/opt/local/share/texmf-texlive/tex/latex/amsmath/amsmath.sty
Package: amsmath 2022/04/08 v2.17n AMS math features
\@mathmargin=\skip53

For additional information on amsmath, use the `?' option.
(/opt/local/share/texmf-texlive/tex/latex/amsmath/amstext.sty
Package: amstext 2021/08/26 v2.01 AMS text
 (/opt/local/share/texmf-texlive/tex/latex/amsmath/amsgen.sty
File: amsgen.sty 1999/11/30 v2.0 generic functions
\@emptytoks=\toks20
\ex@=\dimen153
)) (/opt/local/share/texmf-texlive/tex/latex/amsmath/amsbsy.sty
Package: amsbsy 1999/11/29 v1.2d Bold Symbols
\pmbraise@=\dimen154
) (/opt/local/share/texmf-texlive/tex/latex/amsmath/amsopn.sty
Package: amsopn 2022/04/08 v2.04 operator names
)
\inf@bad=\count271
LaTeX Info: Redefining \frac on input line 234.
\uproot@=\count272
\leftroot@=\count273
LaTeX Info: Redefining \overline on input line 399.
LaTeX Info: Redefining \colon on input line 410.
\classnum@=\count274
\DOTSCASE@=\count275
LaTeX Info: Redefining \ldots on input line 496.
LaTeX Info: Redefining \dots on input line 499.
LaTeX Info: Redefining \cdots on input line 620.
\Mathstrutbox@=\box51
\strutbox@=\box52
LaTeX Info: Redefining \big on input line 722.
LaTeX Info: Redefining \Big on input line 723.
LaTeX Info: Redefining \bigg on input line 724.
LaTeX Info: Redefining \Bigg on input line 725.
\big@size=\dimen155
LaTeX Font Info:    Redeclaring font encoding OML on input line 743.
LaTeX Font Info:    Redeclaring font encoding OMS on input line 744.
\macc@depth=\count276
LaTeX Info: Redefining \bmod on input line 905.
LaTeX Info: Redefining \pmod on input line 910.
LaTeX Info: Redefining \smash on input line 940.
LaTeX Info: Redefining \relbar on input line 970.
LaTeX Info: Redefining \Relbar on input line 971.
\c@MaxMatrixCols=\count277
\dotsspace@=\muskip16
\c@parentequation=\count278
\dspbrk@lvl=\count279
\tag@help=\toks21
\row@=\count280
\column@=\count281
\maxfields@=\count282
\andhelp@=\toks22
\eqnshift@=\dimen156
\alignsep@=\dimen157
\tagshift@=\dimen158
\tagwidth@=\dimen159
\totwidth@=\dimen160
\lineht@=\dimen161
\@envbody=\toks23
\multlinegap=\skip54
\multlinetaggap=\skip55
\mathdisplay@stack=\toks24
LaTeX Info: Redefining \[ on input line 2953.
LaTeX Info: Redefining \] on input line 2954.
)
\g_MT_multlinerow_int=\count283
\l_MT_multwidth_dim=\dimen162
\origjot=\skip56
\l_MT_shortvdotswithinadjustabove_dim=\dimen163
\l_MT_shortvdotswithinadjustbelow_dim=\dimen164
\l_MT_above_intertext_sep=\dimen165
\l_MT_below_intertext_sep=\dimen166
\l_MT_above_shortintertext_sep=\dimen167
\l_MT_below_shortintertext_sep=\dimen168
\xmathstrut@box=\box53
\xmathstrut@dim=\dimen169
) (/opt/local/share/texmf-texlive/tex/latex/amsfonts/amssymb.sty
Package: amssymb 2013/01/14 v3.01 AMS font symbols
 (/opt/local/share/texmf-texlive/tex/latex/amsfonts/amsfonts.sty
Package: amsfonts 2013/01/14 v3.01 Basic AMSFonts support
\symAMSa=\mathgroup4
\symAMSb=\mathgroup5
LaTeX Font Info:    Redeclaring math symbol \hbar on input line 98.
LaTeX Font Info:    Overwriting math alphabet `\mathfrak' in version `bold'
(Font)                  U/euf/m/n --> U/euf/b/n on input line 106.
)) (/opt/local/share/texmf-texlive/tex/latex/base/textcomp.sty
Package: textcomp 2020/02/02 v2.0n Standard LaTeX package
) (/opt/local/share/texmf-texlive/tex/latex/gensymb/gensymb.sty
Package: gensymb 2022/10/17 v1.0.2 (KJH)
) (/opt/local/share/texmf-texlive/tex/latex/pgf/frontendlayer/tikz.sty (/opt/local/share/texmf-texlive/tex/latex/pgf/basiclayer/pgf.sty (/opt/local/share/texmf-texlive/tex/latex/pgf/utilities/pgfrcs.sty (/opt/local/share/texmf-texlive/tex/generic/pgf/utilities/pgfutil-common.tex
\pgfutil@everybye=\toks25
\pgfutil@tempdima=\dimen170
\pgfutil@tempdimb=\dimen171
) (/opt/local/share/texmf-texlive/tex/generic/pgf/utilities/pgfutil-latex.def
\pgfutil@abb=\box54
) (/opt/local/share/texmf-texlive/tex/generic/pgf/utilities/pgfrcs.code.tex (/opt/local/share/texmf-texlive/tex/generic/pgf/pgf.revision.tex)
Package: pgfrcs 2023-01-15 v3.1.10 (3.1.10)
))
Package: pgf 2023-01-15 v3.1.10 (3.1.10)
 (/opt/local/share/texmf-texlive/tex/latex/pgf/basiclayer/pgfcore.sty (/opt/local/share/texmf-texlive/tex/latex/graphics/graphicx.sty
Package: graphicx 2021/09/16 v1.2d Enhanced LaTeX Graphics (DPC,SPQR)
 (/opt/local/share/texmf-texlive/tex/latex/graphics/graphics.sty
Package: graphics 2022/03/10 v1.4e Standard LaTeX Graphics (DPC,SPQR)
 (/opt/local/share/texmf-texlive/tex/latex/graphics/trig.sty
Package: trig 2021/08/11 v1.11 sin cos tan (DPC)
) (/opt/local/share/texmf-texlive/tex/latex/graphics-cfg/graphics.cfg
File: graphics.cfg 2016/06/04 v1.11 sample graphics configuration
)
Package graphics Info: Driver file: pdftex.def on input line 107.
 (/opt/local/share/texmf-texlive/tex/latex/graphics-def/pdftex.def
File: pdftex.def 2022/09/22 v1.2b Graphics/color driver for pdftex
))
\Gin@req@height=\dimen172
\Gin@req@width=\dimen173
) (/opt/local/share/texmf-texlive/tex/latex/pgf/systemlayer/pgfsys.sty (/opt/local/share/texmf-texlive/tex/generic/pgf/systemlayer/pgfsys.code.tex
Package: pgfsys 2023-01-15 v3.1.10 (3.1.10)
 (/opt/local/share/texmf-texlive/tex/generic/pgf/utilities/pgfkeys.code.tex
\pgfkeys@pathtoks=\toks26
\pgfkeys@temptoks=\toks27
 (/opt/local/share/texmf-texlive/tex/generic/pgf/utilities/pgfkeyslibraryfiltered.code.tex
\pgfkeys@tmptoks=\toks28
))
\pgf@x=\dimen174
\pgf@y=\dimen175
\pgf@xa=\dimen176
\pgf@ya=\dimen177
\pgf@xb=\dimen178
\pgf@yb=\dimen179
\pgf@xc=\dimen180
\pgf@yc=\dimen181
\pgf@xd=\dimen182
\pgf@yd=\dimen183
\w@pgf@writea=\write3
\r@pgf@reada=\read3
\c@pgf@counta=\count284
\c@pgf@countb=\count285
\c@pgf@countc=\count286
\c@pgf@countd=\count287
\t@pgf@toka=\toks29
\t@pgf@tokb=\toks30
\t@pgf@tokc=\toks31
\pgf@sys@id@count=\count288
 (/opt/local/share/texmf-texlive/tex/generic/pgf/systemlayer/pgf.cfg
File: pgf.cfg 2023-01-15 v3.1.10 (3.1.10)
)
Driver file for pgf: pgfsys-pdftex.def
 (/opt/local/share/texmf-texlive/tex/generic/pgf/systemlayer/pgfsys-pdftex.def
File: pgfsys-pdftex.def 2023-01-15 v3.1.10 (3.1.10)
 (/opt/local/share/texmf-texlive/tex/generic/pgf/systemlayer/pgfsys-common-pdf.def
File: pgfsys-common-pdf.def 2023-01-15 v3.1.10 (3.1.10)
))) (/opt/local/share/texmf-texlive/tex/generic/pgf/systemlayer/pgfsyssoftpath.code.tex
File: pgfsyssoftpath.code.tex 2023-01-15 v3.1.10 (3.1.10)
\pgfsyssoftpath@smallbuffer@items=\count289
\pgfsyssoftpath@bigbuffer@items=\count290
) (/opt/local/share/texmf-texlive/tex/generic/pgf/systemlayer/pgfsysprotocol.code.tex
File: pgfsysprotocol.code.tex 2023-01-15 v3.1.10 (3.1.10)
)) (/opt/local/share/texmf-texlive/tex/latex/xcolor/xcolor.sty
Package: xcolor 2022/06/12 v2.14 LaTeX color extensions (UK)
 (/opt/local/share/texmf-texlive/tex/latex/graphics-cfg/color.cfg
File: color.cfg 2016/01/02 v1.6 sample color configuration
)
Package xcolor Info: Driver file: pdftex.def on input line 227.
 (/opt/local/share/texmf-texlive/tex/latex/graphics/mathcolor.ltx)
Package xcolor Info: Model `cmy' substituted by `cmy0' on input line 1353.
Package xcolor Info: Model `hsb' substituted by `rgb' on input line 1357.
Package xcolor Info: Model `RGB' extended on input line 1369.
Package xcolor Info: Model `HTML' substituted by `rgb' on input line 1371.
Package xcolor Info: Model `Hsb' substituted by `hsb' on input line 1372.
Package xcolor Info: Model `tHsb' substituted by `hsb' on input line 1373.
Package xcolor Info: Model `HSB' substituted by `hsb' on input line 1374.
Package xcolor Info: Model `Gray' substituted by `gray' on input line 1375.
Package xcolor Info: Model `wave' substituted by `hsb' on input line 1376.
) (/opt/local/share/texmf-texlive/tex/generic/pgf/basiclayer/pgfcore.code.tex
Package: pgfcore 2023-01-15 v3.1.10 (3.1.10)
 (/opt/local/share/texmf-texlive/tex/generic/pgf/math/pgfmath.code.tex (/opt/local/share/texmf-texlive/tex/generic/pgf/math/pgfmathutil.code.tex) (/opt/local/share/texmf-texlive/tex/generic/pgf/math/pgfmathparser.code.tex
\pgfmath@dimen=\dimen184
\pgfmath@count=\count291
\pgfmath@box=\box55
\pgfmath@toks=\toks32
\pgfmath@stack@operand=\toks33
\pgfmath@stack@operation=\toks34
) (/opt/local/share/texmf-texlive/tex/generic/pgf/math/pgfmathfunctions.code.tex) (/opt/local/share/texmf-texlive/tex/generic/pgf/math/pgfmathfunctions.basic.code.tex) (/opt/local/share/texmf-texlive/tex/generic/pgf/math/pgfmathfunctions.trigonometric.code.tex) (/opt/local/share/texmf-texlive/tex/generic/pgf/math/pgfmathfunctions.random.code.tex) (/opt/local/share/texmf-texlive/tex/generic/pgf/math/pgfmathfunctions.comparison.code.tex) (/opt/local/share/texmf-texlive/tex/generic/pgf/math/pgfmathfunctions.base.code.tex) (/opt/local/share/texmf-texlive/tex/generic/pgf/math/pgfmathfunctions.round.code.tex) (/opt/local/share/texmf-texlive/tex/generic/pgf/math/pgfmathfunctions.misc.code.tex) (/opt/local/share/texmf-texlive/tex/generic/pgf/math/pgfmathfunctions.integerarithmetics.code.tex) (/opt/local/share/texmf-texlive/tex/generic/pgf/math/pgfmathcalc.code.tex) (/opt/local/share/texmf-texlive/tex/generic/pgf/math/pgfmathfloat.code.tex
\c@pgfmathroundto@lastzeros=\count292
)) (/opt/local/share/texmf-texlive/tex/generic/pgf/math/pgfint.code.tex) (/opt/local/share/texmf-texlive/tex/generic/pgf/basiclayer/pgfcorepoints.code.tex
File: pgfcorepoints.code.tex 2023-01-15 v3.1.10 (3.1.10)
\pgf@picminx=\dimen185
\pgf@picmaxx=\dimen186
\pgf@picminy=\dimen187
\pgf@picmaxy=\dimen188
\pgf@pathminx=\dimen189
\pgf@pathmaxx=\dimen190
\pgf@pathminy=\dimen191
\pgf@pathmaxy=\dimen192
\pgf@xx=\dimen193
\pgf@xy=\dimen194
\pgf@yx=\dimen195
\pgf@yy=\dimen196
\pgf@zx=\dimen197
\pgf@zy=\dimen198
) (/opt/local/share/texmf-texlive/tex/generic/pgf/basiclayer/pgfcorepathconstruct.code.tex
File: pgfcorepathconstruct.code.tex 2023-01-15 v3.1.10 (3.1.10)
\pgf@path@lastx=\dimen199
\pgf@path@lasty=\dimen256
) (/opt/local/share/texmf-texlive/tex/generic/pgf/basiclayer/pgfcorepathusage.code.tex
File: pgfcorepathusage.code.tex 2023-01-15 v3.1.10 (3.1.10)
\pgf@shorten@end@additional=\dimen257
\pgf@shorten@start@additional=\dimen258
) (/opt/local/share/texmf-texlive/tex/generic/pgf/basiclayer/pgfcorescopes.code.tex
File: pgfcorescopes.code.tex 2023-01-15 v3.1.10 (3.1.10)
\pgfpic=\box56
\pgf@hbox=\box57
\pgf@layerbox@main=\box58
\pgf@picture@serial@count=\count293
) (/opt/local/share/texmf-texlive/tex/generic/pgf/basiclayer/pgfcoregraphicstate.code.tex
File: pgfcoregraphicstate.code.tex 2023-01-15 v3.1.10 (3.1.10)
\pgflinewidth=\dimen259
) (/opt/local/share/texmf-texlive/tex/generic/pgf/basiclayer/pgfcoretransformations.code.tex
File: pgfcoretransformations.code.tex 2023-01-15 v3.1.10 (3.1.10)
\pgf@pt@x=\dimen260
\pgf@pt@y=\dimen261
\pgf@pt@temp=\dimen262
) (/opt/local/share/texmf-texlive/tex/generic/pgf/basiclayer/pgfcorequick.code.tex
File: pgfcorequick.code.tex 2023-01-15 v3.1.10 (3.1.10)
) (/opt/local/share/texmf-texlive/tex/generic/pgf/basiclayer/pgfcoreobjects.code.tex
File: pgfcoreobjects.code.tex 2023-01-15 v3.1.10 (3.1.10)
) (/opt/local/share/texmf-texlive/tex/generic/pgf/basiclayer/pgfcorepathprocessing.code.tex
File: pgfcorepathprocessing.code.tex 2023-01-15 v3.1.10 (3.1.10)
) (/opt/local/share/texmf-texlive/tex/generic/pgf/basiclayer/pgfcorearrows.code.tex
File: pgfcorearrows.code.tex 2023-01-15 v3.1.10 (3.1.10)
\pgfarrowsep=\dimen263
) (/opt/local/share/texmf-texlive/tex/generic/pgf/basiclayer/pgfcoreshade.code.tex
File: pgfcoreshade.code.tex 2023-01-15 v3.1.10 (3.1.10)
\pgf@max=\dimen264
\pgf@sys@shading@range@num=\count294
\pgf@shadingcount=\count295
) (/opt/local/share/texmf-texlive/tex/generic/pgf/basiclayer/pgfcoreimage.code.tex
File: pgfcoreimage.code.tex 2023-01-15 v3.1.10 (3.1.10)
) (/opt/local/share/texmf-texlive/tex/generic/pgf/basiclayer/pgfcoreexternal.code.tex
File: pgfcoreexternal.code.tex 2023-01-15 v3.1.10 (3.1.10)
\pgfexternal@startupbox=\box59
) (/opt/local/share/texmf-texlive/tex/generic/pgf/basiclayer/pgfcorelayers.code.tex
File: pgfcorelayers.code.tex 2023-01-15 v3.1.10 (3.1.10)
) (/opt/local/share/texmf-texlive/tex/generic/pgf/basiclayer/pgfcoretransparency.code.tex
File: pgfcoretransparency.code.tex 2023-01-15 v3.1.10 (3.1.10)
) (/opt/local/share/texmf-texlive/tex/generic/pgf/basiclayer/pgfcorepatterns.code.tex
File: pgfcorepatterns.code.tex 2023-01-15 v3.1.10 (3.1.10)
) (/opt/local/share/texmf-texlive/tex/generic/pgf/basiclayer/pgfcorerdf.code.tex
File: pgfcorerdf.code.tex 2023-01-15 v3.1.10 (3.1.10)
))) (/opt/local/share/texmf-texlive/tex/generic/pgf/modules/pgfmoduleshapes.code.tex
File: pgfmoduleshapes.code.tex 2023-01-15 v3.1.10 (3.1.10)
\pgfnodeparttextbox=\box60
) (/opt/local/share/texmf-texlive/tex/generic/pgf/modules/pgfmoduleplot.code.tex
File: pgfmoduleplot.code.tex 2023-01-15 v3.1.10 (3.1.10)
) (/opt/local/share/texmf-texlive/tex/latex/pgf/compatibility/pgfcomp-version-0-65.sty
Package: pgfcomp-version-0-65 2023-01-15 v3.1.10 (3.1.10)
\pgf@nodesepstart=\dimen265
\pgf@nodesepend=\dimen266
) (/opt/local/share/texmf-texlive/tex/latex/pgf/compatibility/pgfcomp-version-1-18.sty
Package: pgfcomp-version-1-18 2023-01-15 v3.1.10 (3.1.10)
)) (/opt/local/share/texmf-texlive/tex/latex/pgf/utilities/pgffor.sty (/opt/local/share/texmf-texlive/tex/latex/pgf/utilities/pgfkeys.sty (/opt/local/share/texmf-texlive/tex/generic/pgf/utilities/pgfkeys.code.tex)) (/opt/local/share/texmf-texlive/tex/latex/pgf/math/pgfmath.sty (/opt/local/share/texmf-texlive/tex/generic/pgf/math/pgfmath.code.tex)) (/opt/local/share/texmf-texlive/tex/generic/pgf/utilities/pgffor.code.tex
Package: pgffor 2023-01-15 v3.1.10 (3.1.10)
\pgffor@iter=\dimen267
\pgffor@skip=\dimen268
\pgffor@stack=\toks35
\pgffor@toks=\toks36
)) (/opt/local/share/texmf-texlive/tex/generic/pgf/frontendlayer/tikz/tikz.code.tex
Package: tikz 2023-01-15 v3.1.10 (3.1.10)
 (/opt/local/share/texmf-texlive/tex/generic/pgf/libraries/pgflibraryplothandlers.code.tex
File: pgflibraryplothandlers.code.tex 2023-01-15 v3.1.10 (3.1.10)
\pgf@plot@mark@count=\count296
\pgfplotmarksize=\dimen269
)
\tikz@lastx=\dimen270
\tikz@lasty=\dimen271
\tikz@lastxsaved=\dimen272
\tikz@lastysaved=\dimen273
\tikz@lastmovetox=\dimen274
\tikz@lastmovetoy=\dimen275
\tikzleveldistance=\dimen276
\tikzsiblingdistance=\dimen277
\tikz@figbox=\box61
\tikz@figbox@bg=\box62
\tikz@tempbox=\box63
\tikz@tempbox@bg=\box64
\tikztreelevel=\count297
\tikznumberofchildren=\count298
\tikznumberofcurrentchild=\count299
\tikz@fig@count=\count300
 (/opt/local/share/texmf-texlive/tex/generic/pgf/modules/pgfmodulematrix.code.tex
File: pgfmodulematrix.code.tex 2023-01-15 v3.1.10 (3.1.10)
\pgfmatrixcurrentrow=\count301
\pgfmatrixcurrentcolumn=\count302
\pgf@matrix@numberofcolumns=\count303
)
\tikz@expandcount=\count304
 (/opt/local/share/texmf-texlive/tex/generic/pgf/frontendlayer/tikz/libraries/tikzlibrarytopaths.code.tex
File: tikzlibrarytopaths.code.tex 2023-01-15 v3.1.10 (3.1.10)
))) (/opt/local/share/texmf-texlive/tex/generic/pgf/frontendlayer/tikz/libraries/tikzlibrary3d.code.tex
File: tikzlibrary3d.code.tex 2023-01-15 v3.1.10 (3.1.10)
) (/opt/local/share/texmf-texlive/tex/generic/pgf/frontendlayer/tikz/libraries/tikzlibraryshapes.multipart.code.tex
File: tikzlibraryshapes.multipart.code.tex 2023-01-15 v3.1.10 (3.1.10)
 (/opt/local/share/texmf-texlive/tex/generic/pgf/libraries/shapes/pgflibraryshapes.multipart.code.tex
File: pgflibraryshapes.multipart.code.tex 2023-01-15 v3.1.10 (3.1.10)
\pgfnodepartlowerbox=\box65
\pgfnodeparttwobox=\box66
\pgfnodepartthreebox=\box67
\pgfnodepartfourbox=\box68
\pgfnodeparttwentybox=\box69
\pgfnodepartnineteenbox=\box70
\pgfnodeparteighteenbox=\box71
\pgfnodepartseventeenbox=\box72
\pgfnodepartsixteenbox=\box73
\pgfnodepartfifteenbox=\box74
\pgfnodepartfourteenbox=\box75
\pgfnodepartthirteenbox=\box76
\pgfnodeparttwelvebox=\box77
\pgfnodepartelevenbox=\box78
\pgfnodeparttenbox=\box79
\pgfnodepartninebox=\box80
\pgfnodeparteightbox=\box81
\pgfnodepartsevenbox=\box82
\pgfnodepartsixbox=\box83
\pgfnodepartfivebox=\box84
)) (/opt/local/share/texmf-texlive/tex/generic/pgf/frontendlayer/tikz/libraries/tikzlibrarydecorations.pathreplacing.code.tex (/opt/local/share/texmf-texlive/tex/generic/pgf/frontendlayer/tikz/libraries/tikzlibrarydecorations.code.tex (/opt/local/share/texmf-texlive/tex/generic/pgf/modules/pgfmoduledecorations.code.tex
\pgfdecoratedcompleteddistance=\dimen278
\pgfdecoratedremainingdistance=\dimen279
\pgfdecoratedinputsegmentcompleteddistance=\dimen280
\pgfdecoratedinputsegmentremainingdistance=\dimen281
\pgf@decorate@distancetomove=\dimen282
\pgf@decorate@repeatstate=\count305
\pgfdecorationsegmentamplitude=\dimen283
\pgfdecorationsegmentlength=\dimen284
)
\tikz@lib@dec@box=\box85
) (/opt/local/share/texmf-texlive/tex/generic/pgf/libraries/decorations/pgflibrarydecorations.pathreplacing.code.tex)) (/opt/local/share/texmf-texlive/tex/generic/pgf/frontendlayer/tikz/libraries/tikzlibrarydecorations.markings.code.tex (/opt/local/share/texmf-texlive/tex/generic/pgf/libraries/decorations/pgflibrarydecorations.markings.code.tex)) (/opt/local/share/texmf-texlive/tex/latex/wrapfig/wrapfig.sty
\wrapoverhang=\dimen285
\WF@size=\dimen286
\c@WF@wrappedlines=\count306
\WF@box=\box86
\WF@everypar=\toks37
Package: wrapfig 2003/01/31  v 3.6
) (/opt/local/share/texmf-texlive/tex/latex/pgfplots/pgfplots.sty (/opt/local/share/texmf-texlive/tex/generic/pgfplots/pgfplots.revision.tex)
Package: pgfplots 2021/05/15 v1.18.1 Data Visualization (1.18.1)
 (/opt/local/share/texmf-texlive/tex/generic/pgfplots/pgfplots.code.tex (/opt/local/share/texmf-texlive/tex/generic/pgfplots/pgfplotscore.code.tex
\t@pgfplots@toka=\toks38
\t@pgfplots@tokb=\toks39
\t@pgfplots@tokc=\toks40
\pgfplots@tmpa=\dimen287
\c@pgfplots@coordindex=\count307
\c@pgfplots@scanlineindex=\count308
 (/opt/local/share/texmf-texlive/tex/generic/pgfplots/sys/pgfplotssysgeneric.code.tex)) (/opt/local/share/texmf-texlive/tex/generic/pgfplots/libs/pgfplotslibrary.code.tex) (/opt/local/share/texmf-texlive/tex/generic/pgfplots/oldpgfcompatib/pgfplotsoldpgfsupp_loader.code.tex (/opt/local/share/texmf-texlive/tex/generic/pgf/libraries/pgflibraryfpu.code.tex)
Package pgfplots: loading complementary utilities for your pgf version...
\t@pgf@toka=\toks41
\t@pgf@tokb=\toks42
\t@pgf@tokc=\toks43
(/opt/local/share/texmf-texlive/tex/generic/pgfplots/oldpgfcompatib/pgfplotsoldpgfsupp_pgfutil-common-lists.tex)) (/opt/local/share/texmf-texlive/tex/generic/pgfplots/util/pgfplotsutil.code.tex (/opt/local/share/texmf-texlive/tex/generic/pgfplots/liststructure/pgfplotsliststructure.code.tex) (/opt/local/share/texmf-texlive/tex/generic/pgfplots/liststructure/pgfplotsliststructureext.code.tex) (/opt/local/share/texmf-texlive/tex/generic/pgfplots/liststructure/pgfplotsarray.code.tex
\c@pgfplotsarray@tmp=\count309
) (/opt/local/share/texmf-texlive/tex/generic/pgfplots/liststructure/pgfplotsmatrix.code.tex) (/opt/local/share/texmf-texlive/tex/generic/pgfplots/numtable/pgfplotstableshared.code.tex
\c@pgfplotstable@counta=\count310
\t@pgfplotstable@a=\toks44
) (/opt/local/share/texmf-texlive/tex/generic/pgfplots/liststructure/pgfplotsdeque.code.tex) (/opt/local/share/texmf-texlive/tex/generic/pgfplots/util/pgfplotsbinary.code.tex (/opt/local/share/texmf-texlive/tex/generic/pgfplots/util/pgfplotsbinary.data.code.tex)) (/opt/local/share/texmf-texlive/tex/generic/pgfplots/util/pgfplotsutil.verb.code.tex) (/opt/local/share/texmf-texlive/tex/generic/pgfplots/libs/pgflibrarypgfplots.surfshading.code.tex
\c@pgfplotslibrarysurf@no=\count311
 (/opt/local/share/texmf-texlive/tex/generic/pgfplots/sys/pgflibrarypgfplots.surfshading.pgfsys-pdftex.def))) (/opt/local/share/texmf-texlive/tex/generic/pgfplots/util/pgfplotscolormap.code.tex (/opt/local/share/texmf-texlive/tex/generic/pgfplots/util/pgfplotscolor.code.tex)) (/opt/local/share/texmf-texlive/tex/generic/pgfplots/pgfplotsstackedplots.code.tex) (/opt/local/share/texmf-texlive/tex/generic/pgfplots/pgfplotsplothandlers.code.tex (/opt/local/share/texmf-texlive/tex/generic/pgfplots/pgfplotsmeshplothandler.code.tex (/opt/local/share/texmf-texlive/tex/generic/pgfplots/pgfplotsmeshplotimage.code.tex))) (/opt/local/share/texmf-texlive/tex/generic/pgfplots/pgfplots.scaling.code.tex) (/opt/local/share/texmf-texlive/tex/generic/pgfplots/pgfplotscoordprocessing.code.tex) (/opt/local/share/texmf-texlive/tex/generic/pgfplots/pgfplots.errorbars.code.tex) (/opt/local/share/texmf-texlive/tex/generic/pgfplots/pgfplots.markers.code.tex) (/opt/local/share/texmf-texlive/tex/generic/pgfplots/pgfplotsticks.code.tex) (/opt/local/share/texmf-texlive/tex/generic/pgfplots/pgfplots.paths.code.tex) (/opt/local/share/texmf-texlive/tex/generic/pgf/frontendlayer/tikz/libraries/tikzlibrarydecorations.pathmorphing.code.tex (/opt/local/share/texmf-texlive/tex/generic/pgf/libraries/decorations/pgflibrarydecorations.pathmorphing.code.tex)) (/opt/local/share/texmf-texlive/tex/generic/pgfplots/libs/tikzlibrarypgfplots.contourlua.code.tex)
\pgfplots@numplots=\count312
\pgfplots@xmin@reg=\dimen288
\pgfplots@xmax@reg=\dimen289
\pgfplots@ymin@reg=\dimen290
\pgfplots@ymax@reg=\dimen291
\pgfplots@zmin@reg=\dimen292
\pgfplots@zmax@reg=\dimen293
) (/opt/local/share/texmf-texlive/tex/generic/pgf/frontendlayer/tikz/libraries/tikzlibraryplotmarks.code.tex
File: tikzlibraryplotmarks.code.tex 2023-01-15 v3.1.10 (3.1.10)
 (/opt/local/share/texmf-texlive/tex/generic/pgf/libraries/pgflibraryplotmarks.code.tex
File: pgflibraryplotmarks.code.tex 2023-01-15 v3.1.10 (3.1.10)
))) (/opt/local/share/texmf-texlive/tex/latex/graphics/epsfig.sty
Package: epsfig 2017/06/25 v1.7b (e)psfig emulation (SPQR)
\epsfxsize=\dimen294
\epsfysize=\dimen295
) (/opt/local/share/texmf-texlive/tex/latex/pdfpages/pdfpages.sty
Package: pdfpages 2022/12/19 v0.5x Insert pages of external PDF documents (AM)
 (/opt/local/share/texmf-texlive/tex/latex/base/ifthen.sty
Package: ifthen 2022/04/13 v1.1d Standard LaTeX ifthen package (DPC)
) (/opt/local/share/texmf-texlive/tex/latex/eso-pic/eso-pic.sty
Package: eso-pic 2020/10/14 v3.0a eso-pic (RN)
\ESO@tempdima=\dimen296
\ESO@tempdimb=\dimen297
)
\AM@pagewidth=\dimen298
\AM@pageheight=\dimen299
\AM@fboxrule=\dimen300
 (/opt/local/share/texmf-texlive/tex/latex/pdfpages/pppdftex.def
File: pppdftex.def 2022/12/19 v0.5x Pdfpages driver for pdfTeX (AM)
)
\pdfpages@includegraphics@status=\count313
\AM@pagebox=\box87
\AM@global@opts=\toks45
\AM@pagecnt=\count314
\AM@toc@title=\toks46
\AM@lof@heading=\toks47
\c@AM@survey=\count315
\AM@templatesizebox=\box88
) (/opt/local/share/texmf-texlive/tex/latex/subfig/subfig.sty
Package: subfig 2005/06/28 ver: 1.3 subfig package
 (/opt/local/share/texmf-texlive/tex/latex/caption/caption.sty
Package: caption 2023/03/12 v3.6j Customizing captions (AR)
 (/opt/local/share/texmf-texlive/tex/latex/caption/caption3.sty
Package: caption3 2023/03/12 v2.4 caption3 kernel (AR)
\caption@tempdima=\dimen301
\captionmargin=\dimen302
\caption@leftmargin=\dimen303
\caption@rightmargin=\dimen304
\caption@width=\dimen305
\caption@indent=\dimen306
\caption@parindent=\dimen307
\caption@hangindent=\dimen308
Package caption Info: Standard document class detected.
Package caption Info: french babel package is loaded.
)
\c@caption@flags=\count316
\c@continuedfloat=\count317
Package caption Info: wrapfig package is loaded.
)
\c@KVtest=\count318
\sf@farskip=\skip57
\sf@captopadj=\dimen309
\sf@capskip=\skip58
\sf@nearskip=\skip59
\c@subfigure=\count319
\c@subfigure@save=\count320
\c@lofdepth=\count321
\c@subtable=\count322
\c@subtable@save=\count323
\c@lotdepth=\count324
\sf@top=\skip60
\sf@bottom=\skip61
) (/opt/local/share/texmf-texlive/tex/latex/lipsum/lipsum.sty (/opt/local/share/texmf-texlive/tex/latex/l3packages/l3keys2e/l3keys2e.sty (/opt/local/share/texmf-texlive/tex/latex/l3kernel/expl3.sty
Package: expl3 2023-02-22 L3 programming layer (loader) 
 (/opt/local/share/texmf-texlive/tex/latex/l3backend/l3backend-pdftex.def
File: l3backend-pdftex.def 2023-01-16 L3 backend support: PDF output (pdfTeX)
\l__color_backend_stack_int=\count325
\l__pdf_internal_box=\box89
))
Package: l3keys2e 2023-02-02 LaTeX2e option processing using LaTeX3 keys
)
Package: lipsum 2021-09-20 v2.7 150 paragraphs of Lorem Ipsum dummy text
\g__lipsum_par_int=\count326
\l__lipsum_a_int=\count327
\l__lipsum_b_int=\count328
 (/opt/local/share/texmf-texlive/tex/latex/lipsum/lipsum.ltd.tex)) (/opt/local/share/texmf-texlive/tex/latex/tools/array.sty
Package: array 2022/09/04 v2.5g Tabular extension package (FMi)
\col@sep=\dimen310
\ar@mcellbox=\box90
\extrarowheight=\dimen311
\NC@list=\toks48
\extratabsurround=\skip62
\backup@length=\skip63
\ar@cellbox=\box91
) (/opt/local/share/texmf-texlive/tex/latex/tools/multicol.sty
Package: multicol 2021/11/30 v1.9d multicolumn formatting (FMi)
\c@tracingmulticols=\count329
\mult@box=\box92
\multicol@leftmargin=\dimen312
\c@unbalance=\count330
\c@collectmore=\count331
\doublecol@number=\count332
\multicoltolerance=\count333
\multicolpretolerance=\count334
\full@width=\dimen313
\page@free=\dimen314
\premulticols=\dimen315
\postmulticols=\dimen316
\multicolsep=\skip64
\multicolbaselineskip=\skip65
\partial@page=\box93
\last@line=\box94
\maxbalancingoverflow=\dimen317
\mult@rightbox=\box95
\mult@grightbox=\box96
\mult@firstbox=\box97
\mult@gfirstbox=\box98
\@tempa=\box99
\@tempa=\box100
\@tempa=\box101
\@tempa=\box102
\@tempa=\box103
\@tempa=\box104
\@tempa=\box105
\@tempa=\box106
\@tempa=\box107
\@tempa=\box108
\@tempa=\box109
\@tempa=\box110
\@tempa=\box111
\@tempa=\box112
\@tempa=\box113
\@tempa=\box114
\@tempa=\box115
\@tempa=\box116
\@tempa=\box117
\@tempa=\box118
\@tempa=\box119
\@tempa=\box120
\@tempa=\box121
\@tempa=\box122
\@tempa=\box123
\@tempa=\box124
\@tempa=\box125
\@tempa=\box126
\@tempa=\box127
\@tempa=\box128
\@tempa=\box129
\@tempa=\box130
\@tempa=\box131
\@tempa=\box132
\@tempa=\box133
\@tempa=\box134
\c@minrows=\count335
\c@columnbadness=\count336
\c@finalcolumnbadness=\count337
\last@try=\dimen318
\multicolovershoot=\dimen319
\multicolundershoot=\dimen320
\mult@nat@firstbox=\box135
\colbreak@box=\box136
\mc@col@check@num=\count338
) (/opt/local/share/texmf-texlive/tex/latex/enumitem/enumitem.sty
Package: enumitem 2019/06/20 v3.9 Customized lists
\labelindent=\skip66
\enit@outerparindent=\dimen321
\enit@toks=\toks49
\enit@inbox=\box137
\enit@count@id=\count339
\enitdp@description=\count340
) (/opt/local/share/texmf-texlive/tex/latex/hyperref/hyperref.sty
Package: hyperref 2023-02-07 v7.00v Hypertext links for LaTeX
 (/opt/local/share/texmf-texlive/tex/generic/ltxcmds/ltxcmds.sty
Package: ltxcmds 2020-05-10 v1.25 LaTeX kernel commands for general use (HO)
) (/opt/local/share/texmf-texlive/tex/generic/iftex/iftex.sty
Package: iftex 2022/02/03 v1.0f TeX engine tests
) (/opt/local/share/texmf-texlive/tex/generic/pdftexcmds/pdftexcmds.sty
Package: pdftexcmds 2020-06-27 v0.33 Utility functions of pdfTeX for LuaTeX (HO)
 (/opt/local/share/texmf-texlive/tex/generic/infwarerr/infwarerr.sty
Package: infwarerr 2019/12/03 v1.5 Providing info/warning/error messages (HO)
)
Package pdftexcmds Info: \pdf@primitive is available.
Package pdftexcmds Info: \pdf@ifprimitive is available.
Package pdftexcmds Info: \pdfdraftmode found.
) (/opt/local/share/texmf-texlive/tex/latex/kvsetkeys/kvsetkeys.sty
Package: kvsetkeys 2022-10-05 v1.19 Key value parser (HO)
) (/opt/local/share/texmf-texlive/tex/generic/kvdefinekeys/kvdefinekeys.sty
Package: kvdefinekeys 2019-12-19 v1.6 Define keys (HO)
) (/opt/local/share/texmf-texlive/tex/generic/pdfescape/pdfescape.sty
Package: pdfescape 2019/12/09 v1.15 Implements pdfTeX's escape features (HO)
) (/opt/local/share/texmf-texlive/tex/latex/hycolor/hycolor.sty
Package: hycolor 2020-01-27 v1.10 Color options for hyperref/bookmark (HO)
) (/opt/local/share/texmf-texlive/tex/latex/letltxmacro/letltxmacro.sty
Package: letltxmacro 2019/12/03 v1.6 Let assignment for LaTeX macros (HO)
) (/opt/local/share/texmf-texlive/tex/latex/auxhook/auxhook.sty
Package: auxhook 2019-12-17 v1.6 Hooks for auxiliary files (HO)
) (/opt/local/share/texmf-texlive/tex/latex/hyperref/nameref.sty
Package: nameref 2022-05-17 v2.50 Cross-referencing by name of section
 (/opt/local/share/texmf-texlive/tex/latex/refcount/refcount.sty
Package: refcount 2019/12/15 v3.6 Data extraction from label references (HO)
) (/opt/local/share/texmf-texlive/tex/generic/gettitlestring/gettitlestring.sty
Package: gettitlestring 2019/12/15 v1.6 Cleanup title references (HO)
 (/opt/local/share/texmf-texlive/tex/latex/kvoptions/kvoptions.sty
Package: kvoptions 2022-06-15 v3.15 Key value format for package options (HO)
))
\c@section@level=\count341
)
\@linkdim=\dimen322
\Hy@linkcounter=\count342
\Hy@pagecounter=\count343
 (/opt/local/share/texmf-texlive/tex/latex/hyperref/pd1enc.def
File: pd1enc.def 2023-02-07 v7.00v Hyperref: PDFDocEncoding definition (HO)
Now handling font encoding PD1 ...
... no UTF-8 mapping file for font encoding PD1
) (/opt/local/share/texmf-texlive/tex/generic/intcalc/intcalc.sty
Package: intcalc 2019/12/15 v1.3 Expandable calculations with integers (HO)
) (/opt/local/share/texmf-texlive/tex/generic/etexcmds/etexcmds.sty
Package: etexcmds 2019/12/15 v1.7 Avoid name clashes with e-TeX commands (HO)
)
\Hy@SavedSpaceFactor=\count344
 (/opt/local/share/texmf-texlive/tex/latex/hyperref/puenc.def
File: puenc.def 2023-02-07 v7.00v Hyperref: PDF Unicode definition (HO)
Now handling font encoding PU ...
... no UTF-8 mapping file for font encoding PU
)
Package hyperref Info: Hyper figures OFF on input line 4177.
Package hyperref Info: Link nesting OFF on input line 4182.
Package hyperref Info: Hyper index ON on input line 4185.
Package hyperref Info: Plain pages OFF on input line 4192.
Package hyperref Info: Backreferencing OFF on input line 4197.
Package hyperref Info: Implicit mode ON; LaTeX internals redefined.
Package hyperref Info: Bookmarks ON on input line 4425.
\c@Hy@tempcnt=\count345
 (/opt/local/share/texmf-texlive/tex/latex/url/url.sty
\Urlmuskip=\muskip17
Package: url 2013/09/16  ver 3.4  Verb mode for urls, etc.
)
LaTeX Info: Redefining \url on input line 4763.
\XeTeXLinkMargin=\dimen323
 (/opt/local/share/texmf-texlive/tex/generic/bitset/bitset.sty
Package: bitset 2019/12/09 v1.3 Handle bit-vector datatype (HO)
 (/opt/local/share/texmf-texlive/tex/generic/bigintcalc/bigintcalc.sty
Package: bigintcalc 2019/12/15 v1.5 Expandable calculations on big integers (HO)
))
\Fld@menulength=\count346
\Field@Width=\dimen324
\Fld@charsize=\dimen325
Package hyperref Info: Hyper figures OFF on input line 6042.
Package hyperref Info: Link nesting OFF on input line 6047.
Package hyperref Info: Hyper index ON on input line 6050.
Package hyperref Info: backreferencing OFF on input line 6057.
Package hyperref Info: Link coloring OFF on input line 6062.
Package hyperref Info: Link coloring with OCG OFF on input line 6067.
Package hyperref Info: PDF/A mode OFF on input line 6072.
 (/opt/local/share/texmf-texlive/tex/latex/base/atbegshi-ltx.sty
Package: atbegshi-ltx 2021/01/10 v1.0c Emulation of the original atbegshi
package with kernel methods
)
\Hy@abspage=\count347
\c@Item=\count348
\c@Hfootnote=\count349
)
Package hyperref Info: Driver (autodetected): hpdftex.
 (/opt/local/share/texmf-texlive/tex/latex/hyperref/hpdftex.def
File: hpdftex.def 2023-02-07 v7.00v Hyperref driver for pdfTeX
 (/opt/local/share/texmf-texlive/tex/latex/base/atveryend-ltx.sty
Package: atveryend-ltx 2020/08/19 v1.0a Emulation of the original atveryend package
with kernel methods
)
\Fld@listcount=\count350
\c@bookmark@seq@number=\count351
 (/opt/local/share/texmf-texlive/tex/latex/rerunfilecheck/rerunfilecheck.sty
Package: rerunfilecheck 2022-07-10 v1.10 Rerun checks for auxiliary files (HO)
 (/opt/local/share/texmf-texlive/tex/generic/uniquecounter/uniquecounter.sty
Package: uniquecounter 2019/12/15 v1.4 Provide unlimited unique counter (HO)
)
Package uniquecounter Info: New unique counter `rerunfilecheck' on input line 285.
)
\Hy@SectionHShift=\skip67
) (/opt/local/share/texmf-texlive/tex/latex/graphics/lscape.sty
Package: lscape 2020/05/28 v3.02 Landscape Pages (DPC)
) (/opt/local/share/texmf-texlive/tex/latex/fancyhdr/fancyhdr.sty
Package: fancyhdr 2022/11/09 v4.1 Extensive control of page headers and footers
\f@nch@headwidth=\skip68
\f@nch@O@elh=\skip69
\f@nch@O@erh=\skip70
\f@nch@O@olh=\skip71
\f@nch@O@orh=\skip72
\f@nch@O@elf=\skip73
\f@nch@O@erf=\skip74
\f@nch@O@olf=\skip75
\f@nch@O@orf=\skip76
) (/opt/local/share/texmf-texlive/tex/latex/mdframed/mdframed.sty
Package: mdframed 2013/07/01 1.9b: mdframed
 (/opt/local/share/texmf-texlive/tex/latex/l3packages/xparse/xparse.sty
Package: xparse 2023-02-02 L3 Experimental document command parser
) (/opt/local/share/texmf-texlive/tex/latex/etoolbox/etoolbox.sty
Package: etoolbox 2020/10/05 v2.5k e-TeX tools for LaTeX (JAW)
\etb@tempcnta=\count352
) (/opt/local/share/texmf-texlive/tex/latex/zref/zref-abspage.sty
Package: zref-abspage 2022-04-07 v2.34 Module abspage for zref (HO)
 (/opt/local/share/texmf-texlive/tex/latex/zref/zref-base.sty
Package: zref-base 2022-04-07 v2.34 Module base for zref (HO)
Package zref Info: New property list: main on input line 767.
Package zref Info: New property: default on input line 768.
Package zref Info: New property: page on input line 769.
)
\c@abspage=\count353
Package zref Info: New property: abspage on input line 65.
) (/opt/local/share/texmf-texlive/tex/latex/needspace/needspace.sty
Package: needspace 2010/09/12 v1.3d reserve vertical space
)
\mdf@templength=\skip77
\c@mdf@globalstyle@cnt=\count354
\mdf@skipabove@length=\skip78
\mdf@skipbelow@length=\skip79
\mdf@leftmargin@length=\skip80
\mdf@rightmargin@length=\skip81
\mdf@innerleftmargin@length=\skip82
\mdf@innerrightmargin@length=\skip83
\mdf@innertopmargin@length=\skip84
\mdf@innerbottommargin@length=\skip85
\mdf@splittopskip@length=\skip86
\mdf@splitbottomskip@length=\skip87
\mdf@outermargin@length=\skip88
\mdf@innermargin@length=\skip89
\mdf@linewidth@length=\skip90
\mdf@innerlinewidth@length=\skip91
\mdf@middlelinewidth@length=\skip92
\mdf@outerlinewidth@length=\skip93
\mdf@roundcorner@length=\skip94
\mdf@footenotedistance@length=\skip95
\mdf@userdefinedwidth@length=\skip96
\mdf@needspace@length=\skip97
\mdf@frametitleaboveskip@length=\skip98
\mdf@frametitlebelowskip@length=\skip99
\mdf@frametitlerulewidth@length=\skip100
\mdf@frametitleleftmargin@length=\skip101
\mdf@frametitlerightmargin@length=\skip102
\mdf@shadowsize@length=\skip103
\mdf@extratopheight@length=\skip104
\mdf@subtitleabovelinewidth@length=\skip105
\mdf@subtitlebelowlinewidth@length=\skip106
\mdf@subtitleaboveskip@length=\skip107
\mdf@subtitlebelowskip@length=\skip108
\mdf@subtitleinneraboveskip@length=\skip109
\mdf@subtitleinnerbelowskip@length=\skip110
\mdf@subsubtitleabovelinewidth@length=\skip111
\mdf@subsubtitlebelowlinewidth@length=\skip112
\mdf@subsubtitleaboveskip@length=\skip113
\mdf@subsubtitlebelowskip@length=\skip114
\mdf@subsubtitleinneraboveskip@length=\skip115
\mdf@subsubtitleinnerbelowskip@length=\skip116
 (/opt/local/share/texmf-texlive/tex/latex/mdframed/md-frame-1.mdf
File: md-frame-1.mdf 2013/07/01\ 1.9b: md-frame-1
)
\mdf@frametitlebox=\box138
\mdf@footnotebox=\box139
\mdf@splitbox@one=\box140
\mdf@splitbox@two=\box141
\mdf@splitbox@save=\box142
\mdfsplitboxwidth=\skip117
\mdfsplitboxtotalwidth=\skip118
\mdfsplitboxheight=\skip119
\mdfsplitboxdepth=\skip120
\mdfsplitboxtotalheight=\skip121
\mdfframetitleboxwidth=\skip122
\mdfframetitleboxtotalwidth=\skip123
\mdfframetitleboxheight=\skip124
\mdfframetitleboxdepth=\skip125
\mdfframetitleboxtotalheight=\skip126
\mdffootnoteboxwidth=\skip127
\mdffootnoteboxtotalwidth=\skip128
\mdffootnoteboxheight=\skip129
\mdffootnoteboxdepth=\skip130
\mdffootnoteboxtotalheight=\skip131
\mdftotallinewidth=\skip132
\mdfboundingboxwidth=\skip133
\mdfboundingboxtotalwidth=\skip134
\mdfboundingboxheight=\skip135
\mdfboundingboxdepth=\skip136
\mdfboundingboxtotalheight=\skip137
\mdf@freevspace@length=\skip138
\mdf@horizontalwidthofbox@length=\skip139
\mdf@verticalmarginwhole@length=\skip140
\mdf@horizontalspaceofbox=\skip141
\mdfsubtitleheight=\skip142
\mdfsubsubtitleheight=\skip143
\c@mdfcountframes=\count355

****** mdframed patching \endmdf@trivlist

****** -- success******

\mdf@envdepth=\count356
\c@mdf@env@i=\count357
\c@mdf@env@ii=\count358
\c@mdf@zref@counter=\count359
Package zref Info: New property: mdf@pagevalue on input line 895.
) (/opt/local/share/texmf-texlive/tex/latex/geometry/geometry.sty
Package: geometry 2020/01/02 v5.9 Page Geometry
 (/opt/local/share/texmf-texlive/tex/generic/iftex/ifvtex.sty
Package: ifvtex 2019/10/25 v1.7 ifvtex legacy package. Use iftex instead.
)
\Gm@cnth=\count360
\Gm@cntv=\count361
\c@Gm@tempcnt=\count362
\Gm@bindingoffset=\dimen326
\Gm@wd@mp=\dimen327
\Gm@odd@mp=\dimen328
\Gm@even@mp=\dimen329
\Gm@layoutwidth=\dimen330
\Gm@layoutheight=\dimen331
\Gm@layouthoffset=\dimen332
\Gm@layoutvoffset=\dimen333
\Gm@dimlist=\toks50
)
Package caption Info: Option `figurename' requires the `newfloat' package on input line 41.
 (/opt/local/share/texmf-texlive/tex/latex/newfloat/newfloat.sty
Package: newfloat 2019/09/02 v1.1l Defining new floating environments (AR)
Package newfloat Info: Unsupported document class, or \@chapter 
(newfloat)             was already redefined by another package.
Package newfloat Info: \@chapter = macro:->\def \Hy@next {\Hy@MakeCurrentHrefAuto {\Hy@chapapp *}\Hy@raisedlink {\hyper@anchorstart {\@currentHref }\hyper@anchorend }}\ifnum \c@secnumdepth >\m@ne \ltx@IfUndefined {if@mainmatter}\iftrue {\csname if@mainmatter\endcsname }\let \Hy@next \relax \fi \fi \Hy@next \Hy@org@chapter .
Package newfloat Info: \Hy@org@chapter = macro:[#1]#2->\NR@gettitle {#1}\NR@chapter [{#1}]{#2}.
Package newfloat Info: `wrapfig' package detected.
) (/opt/local/share/texmf-texlive/tex/latex/circuitikz/circuitikz.sty
Package: circuitikz 2023/02/11{} The CircuiTikz circuit drawing package version 1.6.1
 (/opt/local/share/texmf-texlive/tex/generic/pgf/frontendlayer/tikz/libraries/tikzlibrarycalc.code.tex
File: tikzlibrarycalc.code.tex 2023-01-15 v3.1.10 (3.1.10)
) (/opt/local/share/texmf-texlive/tex/generic/pgf/libraries/pgflibraryarrows.meta.code.tex
File: pgflibraryarrows.meta.code.tex 2023-01-15 v3.1.10 (3.1.10)
\pgfarrowinset=\dimen334
\pgfarrowlength=\dimen335
\pgfarrowwidth=\dimen336
\pgfarrowlinewidth=\dimen337
) (/opt/local/share/texmf-texlive/tex/generic/pgf/frontendlayer/tikz/libraries/tikzlibrarybending.code.tex
File: tikzlibrarybending.code.tex 2023-01-15 v3.1.10 (3.1.10)
 (/opt/local/share/texmf-texlive/tex/generic/pgf/modules/pgfmodulebending.code.tex
File: pgfmodulebending.code.tex 2023-01-15 v3.1.10 (3.1.10)
 (/opt/local/share/texmf-texlive/tex/generic/pgf/modules/pgfmodulenonlineartransformations.code.tex
File: pgfmodulenonlineartransformations.code.tex 2023-01-15 v3.1.10 (3.1.10)
\pgftransformnonlinearflatness=\dimen338
) (/opt/local/share/texmf-texlive/tex/generic/pgf/libraries/pgflibrarycurvilinear.code.tex
File: pgflibrarycurvilinear.code.tex 2023-01-15 v3.1.10 (3.1.10)
\pgf@curvilinear@time@a=\dimen339
\pgf@curvilinear@length@a=\dimen340
\pgf@curvilinear@length@b=\dimen341
\pgf@curvilinear@length@c=\dimen342
\pgf@curvilinear@length@d=\dimen343
)
\pgf@arrows@the@rigidity=\dimen344
)) (/opt/local/share/texmf-texlive/tex/generic/pgf/frontendlayer/tikz/libraries/tikzlibraryfpu.code.tex) (/opt/local/share/texmf-texlive/tex/generic/circuitikz/pgfcirc.defines.tex
\pgf@circ@count@a=\count363
\pgf@circ@count@b=\count364
\pgf@circ@count@c=\count365
\pgf@circ@res@up=\dimen345
\pgf@circ@res@down=\dimen346
\pgf@circ@res@zero=\dimen347
\pgf@circ@res@left=\dimen348
\pgf@circ@res@right=\dimen349
\pgf@circ@res@other=\dimen350
\pgf@circ@res@step=\dimen351
\pgf@circ@res@temp=\dimen352
\pgf@circ@Rlen=\dimen353
\pgf@circ@scaled@Rlen=\dimen354
\pgfstartlinewidth=\dimen355
) (/opt/local/share/texmf-texlive/tex/generic/circuitikz/pgfcircutils.tex
\ctikz@scratchbox=\box143
) (/opt/local/share/texmf-texlive/tex/generic/circuitikz/pgfcircpath.tex) (/opt/local/share/texmf-texlive/tex/generic/circuitikz/pgfcircshapes.tex) (/opt/local/share/texmf-texlive/tex/generic/circuitikz/pgfcircmonopoles.tex) (/opt/local/share/texmf-texlive/tex/generic/circuitikz/pgfcircbipoles.tex) (/opt/local/share/texmf-texlive/tex/generic/circuitikz/pgfcirctripoles.tex
\pgf@circ@res@count=\count366
) (/opt/local/share/texmf-texlive/tex/generic/circuitikz/pgfcircquadpoles.tex) (/opt/local/share/texmf-texlive/tex/generic/circuitikz/pgfcircmultipoles.tex) (/opt/local/share/texmf-texlive/tex/generic/circuitikz/pgfcirclabel.tex) (/opt/local/share/texmf-texlive/tex/generic/circuitikz/pgfcircvoltage.tex
\pgfcirc@labelshift=\dimen356
) (/opt/local/share/texmf-texlive/tex/generic/circuitikz/pgfcirccurrent.tex) (/opt/local/share/texmf-texlive/tex/generic/circuitikz/pgfcircflow.tex)) (/opt/local/share/texmf-texlive/tex/generic/pgf/frontendlayer/tikz/libraries/tikzlibrarybabel.code.tex
File: tikzlibrarybabel.code.tex 2023-01-15 v3.1.10 (3.1.10)
) (/opt/local/share/texmf-texlive/tex/generic/pgf/frontendlayer/tikz/libraries/tikzlibrarypatterns.code.tex
File: tikzlibrarypatterns.code.tex 2023-01-15 v3.1.10 (3.1.10)
 (/opt/local/share/texmf-texlive/tex/generic/pgf/libraries/pgflibrarypatterns.code.tex
File: pgflibrarypatterns.code.tex 2023-01-15 v3.1.10 (3.1.10)
)) (/opt/local/share/texmf-texlive/tex/generic/pgf/frontendlayer/tikz/libraries/tikzlibraryshadows.code.tex
File: tikzlibraryshadows.code.tex 2023-01-15 v3.1.10 (3.1.10)
 (/opt/local/share/texmf-texlive/tex/generic/pgf/frontendlayer/tikz/libraries/tikzlibraryfadings.code.tex
File: tikzlibraryfadings.code.tex 2023-01-15 v3.1.10 (3.1.10)
 (/opt/local/share/texmf-texlive/tex/generic/pgf/libraries/pgflibraryfadings.code.tex
File: pgflibraryfadings.code.tex 2023-01-15 v3.1.10 (3.1.10)
))) (/opt/local/share/texmf-texlive/tex/generic/pgf/frontendlayer/tikz/libraries/tikzlibrarybackgrounds.code.tex
File: tikzlibrarybackgrounds.code.tex 2023-01-15 v3.1.10 (3.1.10)
\pgf@layerbox@background=\box144
\pgf@layerboxsaved@background=\box145
) (/opt/local/share/texmf-texlive/tex/latex/lewis/lewis.sty
Package: lewis 2006/05/22 v0.1 Draw Lewis Structures
) (/opt/local/share/texmf-texlive/tex/latex/bohr/bohr.sty
Package: bohr 2015/06/24 v1.0 simple atom representation according to the Bohr model
 (/opt/local/share/texmf-texlive/tex/latex/pgfopts/pgfopts.sty
Package: pgfopts 2014/07/10 v2.1a LaTeX package options with pgfkeys
\pgfopts@list@add@a@toks=\toks51
\pgfopts@list@add@b@toks=\toks52
) (/opt/local/share/texmf-texlive/tex/latex/elements/elements.sty
Package: elements 2022/01/29 v0.4 properties of chemical elements
\c@@elements@orbital@type=\count367
\c@@elements@shell@number=\count368
 (/opt/local/share/texmf-texlive/tex/latex/translations/translations.sty
Package: translations 2022/02/05 v1.12 internationalization of LaTeX2e packages (CN)
))
\c@@bohr@shell@number=\count369
) (/opt/local/share/texmf-texlive/tex/generic/chemfig/chemfig.sty (/opt/local/share/texmf-texlive/tex/generic/chemfig/chemfig.tex (/opt/local/share/texmf-texlive/tex/generic/simplekv/simplekv.tex
Package: simplekv 2022/10/01 v0.2a Simple keyval package (CT)
)
\CF_cnt_atomgroup=\count370
\CF_cnt_group=\count371
\CF_cnt_atom=\count372
\CF_cnt_cycle=\count373
\CF_cnt_cyclebonds=\count374
\CF_cnt_compound=\count375
\CF_dim=\dimen357
\CF_arrowsize=\dimen358
\CF_zero=\dimen359
\CF_box=\box146
\CF_boxstuff=\box147
\CF_testbox=\box148
\CF_chargebox=\box149
\CF_substtoks=\toks53
)
Package: chemfig 2023/02/18 v1.6d Draw molecule with an easy syntax (CT)
) (/opt/local/share/texmf-texlive/tex/latex/xymtex/chemist/chemist.sty
Package `chemist' (ver5.01) <June 6, 2013> [SF]
chemist.sty ver5.01 (for LaTeX2e) 2013/06/06[SF]
\c@compd=\count376
\c@deriv=\count377
\reactarrowsep=\dimen360
\verbatimleftmargin=\dimen361
\verbatimbaselineskip=\dimen362
\hsgr@d=\dimen363
\vsgr@d=\dimen364
\vwgr@d=\dimen365
\hwgr@d=\dimen366
\vsepgr@d=\dimen367
\hsepgr@d=\dimen368
\nrep=\count378
\nrepmax=\count379
\ybaselineshift=\dimen369
\tbaselineshift=\dimen370
\@savetbaselineshift=\dimen371
LaTeX Info: Redefining \rm on input line 788.
LaTeX Info: Redefining \mathversion on input line 892.
\c@mv@chem=\count380
LaTeX Font Info:    Encoding `OML' has changed to `OT1' for symbol font
(Font)              `letters' in the math version `chem' on input line 965.
LaTeX Font Info:    Overwriting symbol font `letters' in version `chem'
(Font)                  OML/cmm/m/it --> OT1/cmr/m/n on input line 965.
LaTeX Font Info:    Overwriting symbol font `operators' in version `chem'
(Font)                  OT1/cmr/m/n --> OT1/cmr/m/n on input line 965.
LaTeX Font Info:    Overwriting symbol font `symbols' in version `chem'
(Font)                  OMS/cmsy/m/n --> OMS/cmsy/m/n on input line 965.
\c@mv@boldchem=\count381
LaTeX Font Info:    Overwriting symbol font `operators' in version `boldchem'
(Font)                  OT1/cmr/m/n --> OT1/cmr/bx/n on input line 965.
LaTeX Font Info:    Encoding `OML' has changed to `OT1' for symbol font
(Font)              `letters' in the math version `boldchem' on input line 965.
LaTeX Font Info:    Overwriting symbol font `letters' in version `boldchem'
(Font)                  OML/cmm/m/it --> OT1/cmr/b/n on input line 965.
LaTeX Font Info:    Overwriting symbol font `symbols' in version `boldchem'
(Font)                  OMS/cmsy/m/n --> OMS/cmsy/b/n on input line 965.
\TestCount=\count382
(/opt/local/share/texmf-texlive/tex/latex/xymtex/chemist/assurechemist.sty
Part of XyMTeX for Drawing Chemical Structural Formulas. Version 5.00
 -- Released October 01, 2010 by Shinsaku Fujita
XyMTeX Macro File `assurechemist' (ver5.00) <October 01, 2010> [SF]
)) (/opt/local/share/texmf-texlive/tex/latex/tools/tabularx.sty
Package: tabularx 2020/01/15 v2.11c `tabularx' package (DPC)
\TX@col@width=\dimen372
\TX@old@table=\dimen373
\TX@old@col=\dimen374
\TX@target=\dimen375
\TX@delta=\dimen376
\TX@cols=\count383
\TX@ftn=\toks54
) (/opt/local/share/texmf-texlive/tex/latex/pgf-spectra/pgf-spectra.sty
Package: pgf-spectra 21/02/2023 pgf-spectra v2.2.0
 (/opt/local/share/texmf-texlive/tex/latex/pgf-spectra/spectra.data.NIST.tex)
\wl@counta=\count384
\wl@countb=\count385
\wl@countc=\count386
\wl@countd=\count387
\wl=\dimen377
\wl@i=\dimen378
\@wl@gamma=\dimen379
\wlc@lorr=\dimen380
\wlc@lorg=\dimen381
\wlc@lorb=\dimen382
)
Package hyperref Info: Option `colorlinks' set `true' on input line 193.
 (/opt/local/share/texmf-texlive/tex/latex/tcolorbox/tcolorbox.sty
Package: tcolorbox 2023/02/12 version 6.0.1 text color boxes
 (/opt/local/share/texmf-texlive/tex/latex/tools/verbatim.sty
Package: verbatim 2022-07-02 v1.5u LaTeX2e package for verbatim enhancements
\every@verbatim=\toks55
\verbatim@line=\toks56
\verbatim@in@stream=\read4
) (/opt/local/share/texmf-texlive/tex/latex/environ/environ.sty
Package: environ 2014/05/04 v0.3 A new way to define environments
 (/opt/local/share/texmf-texlive/tex/latex/trimspaces/trimspaces.sty
Package: trimspaces 2009/09/17 v1.1 Trim spaces around a token list
))
\tcb@titlebox=\box150
\tcb@upperbox=\box151
\tcb@lowerbox=\box152
\tcb@phantombox=\box153
\c@tcbbreakpart=\count388
\c@tcblayer=\count389
\c@tcolorbox@number=\count390
\tcb@temp=\box154
\tcb@temp=\box155
\tcb@temp=\box156
\tcb@temp=\box157
) (/opt/local/share/texmf-texlive/tex/latex/tcolorbox/tcbraster.code.tex
Library (tcolorbox): 'tcbraster.code.tex' version '6.0.1'
\c@tcbrastercolumn=\count391
\c@tcbrasterrow=\count392
\c@tcbrasternum=\count393
\c@tcbraster=\count394
) (/opt/local/share/texmf-texlive/tex/latex/tcolorbox/tcbskins.code.tex
Library (tcolorbox): 'tcbskins.code.tex' version '6.0.1'
(/opt/local/share/texmf-texlive/tex/latex/tikzfill/tikzfill.image.sty
Package: tikzfill.image 2022/07/20 v1.0.0 Image filling library for TikZ
 (/opt/local/share/texmf-texlive/tex/latex/tikzfill/tikzfill-common.sty
Package: tikzfill-common 2022/07/20 v1.0.0 Auxiliary code for tikzfill
) (/opt/local/share/texmf-texlive/tex/latex/tikzfill/tikzlibraryfill.image.code.tex
File: tikzlibraryfill.image.code.tex 2022/07/20 v1.0.0 Image filling library
\l__tikzfill_img_box=\box158
)) (/opt/local/share/texmf-texlive/tex/latex/tcolorbox/tcbskinsjigsaw.code.tex
Library (tcolorbox): 'tcbskinsjigsaw.code.tex' version '6.0.1'
)) (/opt/local/share/texmf-texlive/tex/latex/tcolorbox/tcbbreakable.code.tex
Library (tcolorbox): 'tcbbreakable.code.tex' version '6.0.1'
(/opt/local/share/texmf-texlive/tex/latex/pdfcol/pdfcol.sty
Package: pdfcol 2022-09-21 v1.7 Handle new color stacks for pdfTeX (HO)
)
Package pdfcol Info: New color stack `tcb@breakable' = 1 on input line 23.
\tcb@testbox=\box159
\tcb@totalupperbox=\box160
\tcb@totallowerbox=\box161
) (/opt/local/share/texmf-texlive/tex/latex/tcolorbox/tcbhooks.code.tex
Library (tcolorbox): 'tcbhooks.code.tex' version '6.0.1'
) (/opt/local/share/texmf-texlive/tex/latex/tcolorbox/tcbtheorems.code.tex
Library (tcolorbox): 'tcbtheorems.code.tex' version '6.0.1'
) (/opt/local/share/texmf-texlive/tex/latex/tcolorbox/tcbfitting.code.tex
Library (tcolorbox): 'tcbfitting.code.tex' version '6.0.1'
\tcbfitdim=\dimen383
\tcb@lowerfitdim=\dimen384
\tcb@upperfitdim=\dimen385
\tcb@cur@hbadness=\count395
) (/opt/local/share/texmf-texlive/tex/latex/tcolorbox/tcblistingsutf8.code.tex
Library (tcolorbox): 'tcblistingsutf8.code.tex' version '6.0.1'
(/opt/local/share/texmf-texlive/tex/latex/tcolorbox/tcblistings.code.tex
Library (tcolorbox): 'tcblistings.code.tex' version '6.0.1'
(/opt/local/share/texmf-texlive/tex/latex/listings/listings.sty
\lst@mode=\count396
\lst@gtempboxa=\box162
\lst@token=\toks57
\lst@length=\count397
\lst@currlwidth=\dimen386
\lst@column=\count398
\lst@pos=\count399
\lst@lostspace=\dimen387
\lst@width=\dimen388
\lst@newlines=\count400
\lst@lineno=\count401
\lst@maxwidth=\dimen389
 (/opt/local/share/texmf-texlive/tex/latex/listings/lstmisc.sty
File: lstmisc.sty 2023/02/27 1.9 (Carsten Heinz)
\c@lstnumber=\count402
\lst@skipnumbers=\count403
\lst@framebox=\box163
) (/opt/local/share/texmf-texlive/tex/latex/listings/listings.cfg
File: listings.cfg 2023/02/27 1.9 listings configuration
))
Package: listings 2023/02/27 1.9 (Carsten Heinz)
 (/opt/local/share/texmf-texlive/tex/latex/tcolorbox/tcblistingscore.code.tex
Library (tcolorbox): 'tcblistingscore.code.tex' version '6.0.1'
(/opt/local/share/texmf-texlive/tex/latex/tcolorbox/tcbprocessing.code.tex
Library (tcolorbox): 'tcbprocessing.code.tex' version '6.0.1'
(/opt/local/share/texmf-texlive/tex/latex/tools/shellesc.sty
Package: shellesc 2019/11/08 v1.0c unified shell escape interface for LaTeX
Package shellesc Info: Restricted shell escape enabled on input line 77.
))
\c@tcblisting=\count404
)) (/opt/local/share/texmf-texlive/tex/latex/listingsutf8/listingsutf8.sty
Package: listingsutf8 2019-12-10 v1.5 Allow UTF-8 in listings input (HO)
 (/opt/local/share/texmf-texlive/tex/generic/stringenc/stringenc.sty
Package: stringenc 2019/11/29 v1.12 Convert strings between diff. encodings (HO)
))) (/opt/local/share/texmf-texlive/tex/latex/tcolorbox/tcbexternal.code.tex
Library (tcolorbox): 'tcbexternal.code.tex' version '6.0.1'
) (/opt/local/share/texmf-texlive/tex/latex/tcolorbox/tcbmagazine.code.tex
Library (tcolorbox): 'tcbmagazine.code.tex' version '6.0.1'
) (/opt/local/share/texmf-texlive/tex/latex/tcolorbox/tcbvignette.code.tex
Library (tcolorbox): 'tcbvignette.code.tex' version '6.0.1'
) (/opt/local/share/texmf-texlive/tex/latex/tcolorbox/tcbposter.code.tex
Library (tcolorbox): 'tcbposter.code.tex' version '6.0.1'
)
Package hyperref Info: Option `colorlinks' set `true' on input line 346.
) (/opt/local/share/texmf-texlive/tex/latex/eurosym/eurosym.sty
Package: eurosym 1998/08/06 v1.1 European currency symbol ``Euro''
\@eurobox=\box164
) (/opt/local/share/texmf-texlive/tex/latex/colortbl/colortbl.sty
Package: colortbl 2022/06/20 v1.0f Color table columns (DPC)
\everycr=\toks58
\minrowclearance=\skip144
\rownum=\count405
)
LaTeX Font Info:    Trying to load font information for T1+lmss on input line 10.
 (/opt/local/share/texmf-texlive/tex/latex/lm/t1lmss.fd
File: t1lmss.fd 2015/05/01 v1.6.1 Font defs for Latin Modern
) (/Users/gld/Documents/Education Nationale/Enseignements/Seconde générale/Chap7_Lentilles_modele_optique_oeil/Cours_version_élève copy/Chap7_Lentille_modèle_optique_oeil.aux)
\openout1 = `Chap7_Lentille_modèle_optique_oeil.aux'.

LaTeX Font Info:    Checking defaults for OML/cmm/m/it on input line 10.
LaTeX Font Info:    ... okay on input line 10.
LaTeX Font Info:    Checking defaults for OMS/cmsy/m/n on input line 10.
LaTeX Font Info:    ... okay on input line 10.
LaTeX Font Info:    Checking defaults for OT1/cmr/m/n on input line 10.
LaTeX Font Info:    ... okay on input line 10.
LaTeX Font Info:    Checking defaults for T1/cmr/m/n on input line 10.
LaTeX Font Info:    ... okay on input line 10.
LaTeX Font Info:    Checking defaults for TS1/cmr/m/n on input line 10.
LaTeX Font Info:    ... okay on input line 10.
LaTeX Font Info:    Checking defaults for OMX/cmex/m/n on input line 10.
LaTeX Font Info:    ... okay on input line 10.
LaTeX Font Info:    Checking defaults for U/cmr/m/n on input line 10.
LaTeX Font Info:    ... okay on input line 10.
LaTeX Font Info:    Checking defaults for PD1/pdf/m/n on input line 10.
LaTeX Font Info:    ... okay on input line 10.
LaTeX Font Info:    Checking defaults for PU/pdf/m/n on input line 10.
LaTeX Font Info:    ... okay on input line 10.
LaTeX Info: Redefining \degres on input line 10.
Package french.ldf Info: Setting StandardItemizeEnv=true for
(french.ldf)             compatibility with enumitem package,
(french.ldf)             reported on input line 10.
Package french.ldf Info: Setting StandardEnumerateEnv=true for
(french.ldf)             compatibility with enumitem package,
(french.ldf)             reported on input line 10.
LaTeX Info: Redefining \up on input line 10.
\symgns@font=\mathgroup6
LaTeX Font Info:    Overwriting symbol font `gns@font' in version `bold'
(Font)                  TS1/lmss/m/n --> TS1/lmss/b/n on input line 10.
Package gensymb Info: Math companion symbols declared on input line 10.
LaTeX Info: Redefining \degree on input line 10.
LaTeX Info: Redefining \celsius on input line 10.
Package gensymb Info: Using text companion symbols for \degree, \celsius and \perthousand on input line 10.
LaTeX Info: Redefining \ohm on input line 10.
Package gensymb Info: Using \textohm for \ohm on input line 10.
Package gensymb Info: Using \textmu for \micro on input line 10.
 (/opt/local/share/texmf-texlive/tex/context/base/mkii/supp-pdf.mkii
[Loading MPS to PDF converter (version 2006.09.02).]
\scratchcounter=\count406
\scratchdimen=\dimen390
\scratchbox=\box165
\nofMPsegments=\count407
\nofMParguments=\count408
\everyMPshowfont=\toks59
\MPscratchCnt=\count409
\MPscratchDim=\dimen391
\MPnumerator=\count410
\makeMPintoPDFobject=\count411
\everyMPtoPDFconversion=\toks60
) (/opt/local/share/texmf-texlive/tex/latex/epstopdf-pkg/epstopdf-base.sty
Package: epstopdf-base 2020-01-24 v2.11 Base part for package epstopdf
Package epstopdf-base Info: Redefining graphics rule for `.eps' on input line 485.
 (/opt/local/share/texmf-texlive/tex/latex/latexconfig/epstopdf-sys.cfg
File: epstopdf-sys.cfg 2010/07/13 v1.3 Configuration of (r)epstopdf for TeX Live
))

Package pgfplots Warning: running in backwards compatibility mode (unsuitable tick labels; missing features). Consider writing \pgfplotsset{compat=1.18} into your preamble.
 on input line 10.

(/opt/local/share/texmf-texlive/tex/latex/pdflscape/pdflscape.sty
Package: pdflscape 2022-10-27 v0.13 Display of landscape pages in PDF
 (/opt/local/share/texmf-texlive/tex/latex/pdflscape/pdflscape-nometadata.sty
Package: pdflscape-nometadata 2022-10-28 v0.13 Display of landscape pages in PDF (HO)
Package pdflscape Info: Auto-detected driver: pdftex on input line 81.
))
Package caption Info: Begin \AtBeginDocument code.
Package caption Info: subfig package v1.3 is loaded.
Package caption Info: hyperref package is loaded.
Package caption Info: listings package is loaded.
Package caption Info: End \AtBeginDocument code.
Package hyperref Info: Link coloring ON on input line 10.
 (/Users/gld/Documents/Education Nationale/Enseignements/Seconde générale/Chap7_Lentilles_modele_optique_oeil/Cours_version_élève copy/Chap7_Lentille_modèle_optique_oeil.out) (/Users/gld/Documents/Education Nationale/Enseignements/Seconde générale/Chap7_Lentilles_modele_optique_oeil/Cours_version_élève copy/Chap7_Lentille_modèle_optique_oeil.out)
\@outlinefile=\write4
\openout4 = `Chap7_Lentille_modèle_optique_oeil.out'.


*geometry* driver: auto-detecting
*geometry* detected driver: pdftex
*geometry* verbose mode - [ preamble ] result:
* driver: pdftex
* paper: a4paper
* layout: <same size as paper>
* layoutoffset:(h,v)=(0.0pt,0.0pt)
* modes: 
* h-part:(L,W,R)=(42.67912pt, 512.14963pt, 42.67912pt)
* v-part:(T,H,B)=(42.67912pt, 759.6886pt, 42.67912pt)
* \paperwidth=597.50787pt
* \paperheight=845.04684pt
* \textwidth=512.14963pt
* \textheight=759.6886pt
* \oddsidemargin=-29.59087pt
* \evensidemargin=-29.59087pt
* \topmargin=-66.59087pt
* \headheight=12.0pt
* \headsep=25.0pt
* \topskip=12.0pt
* \footskip=30.0pt
* \marginparwidth=35.0pt
* \marginparsep=10.0pt
* \columnsep=30.0pt
* \skip\footins=10.8pt plus 4.0pt minus 2.0pt
* \hoffset=0.0pt
* \voffset=0.0pt
* \mag=1000
* \@twocolumnfalse
* \@twosidefalse
* \@mparswitchfalse
* \@reversemarginfalse
* (1in=72.27pt=25.4mm, 1cm=28.453pt)

Package newfloat Info: Trying Plan B...
(/opt/local/share/texmf-texlive/tex/latex/translations/translations-basic-dictionary-french.trsl
File: translations-basic-dictionary-french.trsl (french translation file `translations-basic-dictionary')
)
Package translations Info: loading dictionary `translations-basic-dictionary' for `french'. on input line 10.
\c@lstlisting=\count412
 (/opt/local/share/texmf-texlive/tex/latex/elements/elements_names_french.def)
Package mdframed Info: Not enough space on this page on input line 15.
<BO.png, id=95, 807.7678pt x 268.75406pt>
File: BO.png Graphic file (type png)
<use BO.png>
Package pdftex.def Info: BO.png  used on input line 21.
(pdftex.def)             Requested size: 465.64064pt x 154.92606pt.
<Quiz1.png, id=97, 487.8225pt x 490.83376pt>
File: Quiz1.png Graphic file (type png)
<use Quiz1.png>
Package pdftex.def Info: Quiz1.png  used on input line 35.
(pdftex.def)             Requested size: 89.62578pt x 90.17369pt.
LaTeX Font Info:    Trying to load font information for T1+lmtt on input line 37.
 (/opt/local/share/texmf-texlive/tex/latex/lm/t1lmtt.fd
File: t1lmtt.fd 2015/05/01 v1.6.1 Font defs for Latin Modern
)
LaTeX Font Info:    Trying to load font information for OT1+lmr on input line 37.
 (/opt/local/share/texmf-texlive/tex/latex/lm/ot1lmr.fd
File: ot1lmr.fd 2015/05/01 v1.6.1 Font defs for Latin Modern
)
LaTeX Font Info:    Trying to load font information for OML+lmm on input line 37.
 (/opt/local/share/texmf-texlive/tex/latex/lm/omllmm.fd
File: omllmm.fd 2015/05/01 v1.6.1 Font defs for Latin Modern
)
LaTeX Font Info:    Trying to load font information for OMS+lmsy on input line 37.
 (/opt/local/share/texmf-texlive/tex/latex/lm/omslmsy.fd
File: omslmsy.fd 2015/05/01 v1.6.1 Font defs for Latin Modern
)
LaTeX Font Info:    Trying to load font information for OMX+lmex on input line 37.
 (/opt/local/share/texmf-texlive/tex/latex/lm/omxlmex.fd
File: omxlmex.fd 2015/05/01 v1.6.1 Font defs for Latin Modern
)
LaTeX Font Info:    External font `lmex10' loaded for size
(Font)              <12> on input line 37.
LaTeX Font Info:    External font `lmex10' loaded for size
(Font)              <8> on input line 37.
LaTeX Font Info:    External font `lmex10' loaded for size
(Font)              <6> on input line 37.
LaTeX Font Info:    Trying to load font information for U+msa on input line 37.
 (/opt/local/share/texmf-texlive/tex/latex/amsfonts/umsa.fd
File: umsa.fd 2013/01/14 v3.01 AMS symbols A
)
LaTeX Font Info:    Trying to load font information for U+msb on input line 37.
 (/opt/local/share/texmf-texlive/tex/latex/amsfonts/umsb.fd
File: umsb.fd 2013/01/14 v3.01 AMS symbols B
)
LaTeX Font Info:    Trying to load font information for TS1+lmss on input line 37.
 (/opt/local/share/texmf-texlive/tex/latex/lm/ts1lmss.fd
File: ts1lmss.fd 2015/05/01 v1.6.1 Font defs for Latin Modern
)
<Quiz2.png, id=99, 490.08093pt x 494.59781pt>
File: Quiz2.png Graphic file (type png)
<use Quiz2.png>
Package pdftex.def Info: Quiz2.png  used on input line 41.
(pdftex.def)             Requested size: 89.62578pt x 90.45013pt.
<Quiz3.png, id=101, 490.08093pt x 494.59781pt>
File: Quiz3.png Graphic file (type png)
<use Quiz3.png>
Package pdftex.def Info: Quiz3.png  used on input line 47.
(pdftex.def)             Requested size: 89.62578pt x 90.45013pt.
LaTeX Font Info:    Trying to load font information for T1+lmr on input line 53.
 (/opt/local/share/texmf-texlive/tex/latex/lm/t1lmr.fd
File: t1lmr.fd 2015/05/01 v1.6.1 Font defs for Latin Modern
)

LaTeX Font Warning: Font shape `T1/lmss/m/sc' in size <10> not available
(Font)              Font shape `T1/lmr/m/sc' tried instead on input line 53.

[1{/opt/local/var/db/texmf/fonts/map/pdftex/updmap/pdftex.map}{/opt/local/share/texmf-texlive/fonts/enc/dvips/lm/lm-ec.enc}

 </Users/gld/Documents/Education Nationale/Enseignements/Seconde générale/Chap7_Lentilles_modele_optique_oeil/Cours_version_élève copy/BO.png> </Users/gld/Documents/Education Nationale/Enseignements/Seconde générale/Chap7_Lentilles_modele_optique_oeil/Cours_version_élève copy/Quiz1.png> </Users/gld/Documents/Education Nationale/Enseignements/Seconde générale/Chap7_Lentilles_modele_optique_oeil/Cours_version_élève copy/Quiz2.png> </Users/gld/Documents/Education Nationale/Enseignements/Seconde générale/Chap7_Lentilles_modele_optique_oeil/Cours_version_élève copy/Quiz3.png>]
<LunettesHarryPotter.png, id=130, 246.9225pt x 298.86656pt>
File: LunettesHarryPotter.png Graphic file (type png)
<use LunettesHarryPotter.png>
Package pdftex.def Info: LunettesHarryPotter.png  used on input line 60.
(pdftex.def)             Requested size: 76.8193pt x 92.97601pt.
<Leica.png, id=131, 429.10312pt x 329.73187pt>
File: Leica.png Graphic file (type png)
<use Leica.png>
Package pdftex.def Info: Leica.png  used on input line 61.
(pdftex.def)             Requested size: 128.0374pt x 98.387pt.


LaTeX Font Warning: Font shape `T1/lmss/m/sc' in size <12> not available
(Font)              Font shape `T1/lmr/m/sc' tried instead on input line 62.


LaTeX Font Warning: Font shape `T1/lmss/bx/sc' undefined
(Font)              using `T1/lmss/bx/n' instead on input line 62.

LaTeX Font Info:    Font shape `T1/lmss/m/it' in size <12> not available
(Font)              Font shape `T1/lmss/m/sl' tried instead on input line 71.
<lentillecovnergente.png, id=132, 173.89969pt x 167.12437pt>
File: lentillecovnergente.png Graphic file (type png)
<use lentillecovnergente.png>
Package pdftex.def Info: lentillecovnergente.png  used on input line 93.
(pdftex.def)             Requested size: 107.55203pt x 103.36101pt.
<lentilledivergente.png, id=133, 192.72pt x 165.61874pt>
File: lentilledivergente.png Graphic file (type png)
<use lentilledivergente.png>
Package pdftex.def Info: lentilledivergente.png  used on input line 97.
(pdftex.def)             Requested size: 107.55203pt x 92.42743pt.
[2

 </Users/gld/Documents/Education Nationale/Enseignements/Seconde générale/Chap7_Lentilles_modele_optique_oeil/Cours_version_élève copy/LunettesHarryPotter.png> </Users/gld/Documents/Education Nationale/Enseignements/Seconde générale/Chap7_Lentilles_modele_optique_oeil/Cours_version_élève copy/Leica.png> </Users/gld/Documents/Education Nationale/Enseignements/Seconde générale/Chap7_Lentilles_modele_optique_oeil/Cours_version_élève copy/lentillecovnergente.png> </Users/gld/Documents/Education Nationale/Enseignements/Seconde générale/Chap7_Lentilles_modele_optique_oeil/Cours_version_élève copy/lentilledivergente.png>]
Overfull \hbox (26.00891pt too wide) in paragraph at lines 192--194
 [][] 
 []


Package hyperref Warning: Token not allowed in a PDF string (Unicode):
(hyperref)                removing `math shift' on input line 196.


Package hyperref Warning: Token not allowed in a PDF string (Unicode):
(hyperref)                removing `math shift' on input line 196.


Overfull \hbox (26.00891pt too wide) in paragraph at lines 219--221
 [][] 
 []

[3

{/opt/local/share/texmf-texlive/fonts/enc/dvips/lm/lm-mathit.enc}{/opt/local/share/texmf-texlive/fonts/enc/dvips/lm/lm-mathsy.enc}]
Overfull \hbox (4.89597pt too wide) in paragraph at lines 261--262
 [][] 
 []

<oeil.png, id=155, 342.5297pt x 339.51843pt>
File: oeil.png Graphic file (type png)
<use oeil.png>
Package pdftex.def Info: oeil.png  used on input line 300.
(pdftex.def)             Requested size: 256.07481pt x 253.84038pt.

Package caption Warning: The option `hypcap=true' will be ignored for this
(caption)                particular \caption on input line 301.
See the caption package documentation for explanation.


Overfull \hbox (20.61107pt too wide) in paragraph at lines 285--305
[]$[]$ $[]$ 
 []

[4

{/opt/local/share/texmf-texlive/fonts/enc/dvips/lm/lm-rm.enc}{/opt/local/share/texmf-texlive/fonts/enc/dvips/lm/lm-ts1.enc}]
<OeilPhotographique.png, id=165, 633.36626pt x 355.3275pt>
File: OeilPhotographique.png Graphic file (type png)
<use OeilPhotographique.png>
Package pdftex.def Info: OeilPhotographique.png  used on input line 316.
(pdftex.def)             Requested size: 256.07481pt x 143.66286pt.
 [5 </Users/gld/Documents/Education Nationale/Enseignements/Seconde générale/Chap7_Lentilles_modele_optique_oeil/Cours_version_élève copy/OeilPhotographique.png> </Users/gld/Documents/Education Nationale/Enseignements/Seconde générale/Chap7_Lentilles_modele_optique_oeil/Cours_version_élève copy/oeil.png>] (/Users/gld/Documents/Education Nationale/Enseignements/Seconde générale/Chap7_Lentilles_modele_optique_oeil/Cours_version_élève copy/Chap7_Lentille_modèle_optique_oeil.aux)

LaTeX Font Warning: Some font shapes were not available, defaults substituted.

Package rerunfilecheck Info: File `Chap7_Lentille_modèle_optique_oeil.out' has not changed.
(rerunfilecheck)             Checksum: 0F00069337BF800FF114BB9C92C76939;3436.
 ) 
Here is how much of TeX's memory you used:
 65944 strings out of 477139
 1647087 string characters out of 5813068
 2704467 words of memory out of 5000000
 85271 multiletter control sequences out of 15000+600000
 560663 words of font info for 66 fonts, out of 8000000 for 9000
 430 hyphenation exceptions out of 8191
 107i,20n,107p,7814b,1475s stack positions out of 10000i,1000n,20000p,200000b,200000s
</opt/local/share/texmf-texlive/fonts/type1/public/lm/lmcsc10.pfb></opt/local/share/texmf-texlive/fonts/type1/public/lm/lmmi12.pfb></opt/local/share/texmf-texlive/fonts/type1/public/lm/lmmi8.pfb></opt/local/share/texmf-texlive/fonts/type1/public/lm/lmr12.pfb></opt/local/share/texmf-texlive/fonts/type1/public/lm/lmss10.pfb></opt/local/share/texmf-texlive/fonts/type1/public/lm/lmss12.pfb></opt/local/share/texmf-texlive/fonts/type1/public/lm/lmssbx10.pfb></opt/local/share/texmf-texlive/fonts/type1/public/lm/lmsso12.pfb></opt/local/share/texmf-texlive/fonts/type1/public/lm/lmsy10.pfb></opt/local/share/texmf-texlive/fonts/type1/public/lm/lmsy8.pfb></opt/local/share/texmf-texlive/fonts/type1/public/lm/lmtt12.pfb>
Output written on "/Users/gld/Documents/Education Nationale/Enseignements/Seconde générale/Chap7_Lentilles_modele_optique_oeil/Cours_version_élève copy/Chap7_Lentille_modèle_optique_oeil.pdf" (5 pages, 1558347 bytes).
PDF statistics:
 239 PDF objects out of 1000 (max. 8388607)
 161 compressed objects within 2 object streams
 30 named destinations out of 1000 (max. 500000)
 317 words of extra memory for PDF output out of 10000 (max. 10000000)

